/home/nolboo/myenv/bin/python3: can't open file '/home/nolboo/informix-mysql/web-ship.py': [Errno 2] No such file or directory
/home/nolboo/myenv/bin/python3: can't open file '/home/nolboo/informix-mysql/web-ship.py': [Errno 2] No such file or directory
/home/nolboo/myenv/bin/python3: can't open file '/home/nolboo/informix-mysql/web-ship.py': [Errno 2] No such file or directory
2024-11-11 07:50:35,808 - INFO - ETL 프로세스 시작.
2024-11-11 07:50:35,808 - INFO - MySQL 연결 중: 175.196.7.45
2024-11-11 07:50:35,834 - INFO - MySQL 연결 성공.
2024-11-11 07:50:35,834 - INFO - Informix 연결 중: 175.196.7.17:1526
2024-11-11 07:50:36,094 - INFO - Informix 연결 성공.
2024-11-11 07:50:36,094 - INFO - Informix에서 데이터 추출 중...
2024-11-11 07:50:36,378 - INFO - 데이터 추출 완료. 총 674개의 레코드.
2024-11-11 07:50:36,378 - INFO - Truncating MySQL TbWebShip table before insert.
2024-11-11 07:50:36,405 - INFO - MySQL로 데이터 삽입 중...
2024-11-11 07:50:36,507 - INFO - MySQL에 674개의 데이터 삽입 완료.
2024-11-11 07:50:36,517 - INFO - chain_name 업데이트 완료.
2024-11-11 07:50:36,517 - INFO - p1_price 업데이트 중...
2024-11-11 07:50:36,680 - INFO - p1_price 업데이트 완료.
2024-11-11 07:50:36,680 - INFO - p1_amount 업데이트 중...
2024-11-11 07:50:36,691 - INFO - p1_amount 업데이트 완료.
2024-11-11 07:50:36,691 - INFO - p1_tax 업데이트 중...
2024-11-11 07:50:36,702 - INFO - p1_tax 업데이트 완료.
2024-11-11 07:50:36,702 - INFO - p1_tot_amount 업데이트 중...
2024-11-11 07:50:36,714 - INFO - p1_tot_amount 업데이트 완료.
2024-11-11 07:50:36,717 - INFO - ETL 프로세스 성공적으로 완료.
2024-11-11 12:00:01,873 - INFO - ETL 프로세스 시작.
2024-11-11 12:00:01,873 - INFO - MySQL 연결 중: 175.196.7.45
2024-11-11 12:00:01,900 - INFO - MySQL 연결 성공.
2024-11-11 12:00:01,900 - INFO - Informix 연결 중: 175.196.7.17:1526
2024-11-11 12:00:02,181 - INFO - Informix 연결 성공.
2024-11-11 12:00:02,181 - INFO - Informix에서 데이터 추출 중...
2024-11-11 12:00:02,590 - INFO - 데이터 추출 완료. 총 674개의 레코드.
2024-11-11 12:00:02,590 - INFO - Truncating MySQL TbWebShip table before insert.
2024-11-11 12:00:02,613 - INFO - MySQL로 데이터 삽입 중...
2024-11-11 12:00:02,719 - INFO - MySQL에 674개의 데이터 삽입 완료.
2024-11-11 12:00:02,730 - INFO - chain_name 업데이트 완료.
2024-11-11 12:00:02,730 - INFO - p1_price 업데이트 중...
2024-11-11 12:00:02,887 - INFO - p1_price 업데이트 완료.
2024-11-11 12:00:02,887 - INFO - p1_amount 업데이트 중...
2024-11-11 12:00:02,897 - INFO - p1_amount 업데이트 완료.
2024-11-11 12:00:02,898 - INFO - p1_tax 업데이트 중...
2024-11-11 12:00:02,908 - INFO - p1_tax 업데이트 완료.
2024-11-11 12:00:02,908 - INFO - p1_tot_amount 업데이트 중...
2024-11-11 12:00:02,921 - INFO - p1_tot_amount 업데이트 완료.
2024-11-11 12:00:02,924 - INFO - ETL 프로세스 성공적으로 완료.
2024-11-12 12:00:01,344 - INFO - ETL 프로세스 시작.
2024-11-12 12:00:01,344 - INFO - MySQL 연결 중: 175.196.7.45
2024-11-12 12:00:01,371 - INFO - MySQL 연결 성공.
2024-11-12 12:00:01,371 - INFO - Informix 연결 중: 175.196.7.17:1526
2024-11-12 12:00:01,650 - INFO - Informix 연결 성공.
2024-11-12 12:00:01,650 - INFO - Informix에서 데이터 추출 중...
2024-11-12 12:00:02,218 - INFO - 데이터 추출 완료. 총 2809개의 레코드.
2024-11-12 12:00:02,218 - INFO - Truncating MySQL TbWebShip table before insert.
2024-11-12 12:00:02,241 - INFO - MySQL로 데이터 삽입 중...
2024-11-12 12:00:02,635 - INFO - MySQL에 2809개의 데이터 삽입 완료.
2024-11-12 12:00:02,667 - INFO - chain_name 업데이트 완료.
2024-11-12 12:00:02,667 - INFO - p1_price 업데이트 중...
2024-11-12 12:00:03,318 - INFO - p1_price 업데이트 완료.
2024-11-12 12:00:03,318 - INFO - p1_amount 업데이트 중...
2024-11-12 12:00:03,370 - INFO - p1_amount 업데이트 완료.
2024-11-12 12:00:03,370 - INFO - p1_tax 업데이트 중...
2024-11-12 12:00:03,408 - INFO - p1_tax 업데이트 완료.
2024-11-12 12:00:03,408 - INFO - p1_tot_amount 업데이트 중...
2024-11-12 12:00:03,446 - INFO - p1_tot_amount 업데이트 완료.
2024-11-12 12:00:03,448 - INFO - ETL 프로세스 성공적으로 완료.
2024-11-13 12:00:01,265 - INFO - ETL 프로세스 시작.
2024-11-13 12:00:01,265 - INFO - MySQL 연결 중: 175.196.7.45
2024-11-13 12:00:01,292 - INFO - MySQL 연결 성공.
2024-11-13 12:00:01,292 - INFO - Informix 연결 중: 175.196.7.17:1526
2024-11-13 12:00:01,554 - INFO - Informix 연결 성공.
2024-11-13 12:00:01,554 - INFO - Informix에서 데이터 추출 중...
2024-11-13 12:00:02,408 - INFO - 데이터 추출 완료. 총 2883개의 레코드.
2024-11-13 12:00:02,408 - INFO - Truncating MySQL TbWebShip table before insert.
2024-11-13 12:00:02,439 - INFO - MySQL로 데이터 삽입 중...
2024-11-13 12:00:03,229 - INFO - MySQL에 2883개의 데이터 삽입 완료.
2024-11-13 12:00:03,264 - INFO - chain_name 업데이트 완료.
2024-11-13 12:00:03,264 - INFO - p1_price 업데이트 중...
2024-11-13 12:00:03,941 - INFO - p1_price 업데이트 완료.
2024-11-13 12:00:03,941 - INFO - p1_amount 업데이트 중...
2024-11-13 12:00:03,980 - INFO - p1_amount 업데이트 완료.
2024-11-13 12:00:03,981 - INFO - p1_tax 업데이트 중...
2024-11-13 12:00:04,034 - INFO - p1_tax 업데이트 완료.
2024-11-13 12:00:04,034 - INFO - p1_tot_amount 업데이트 중...
2024-11-13 12:00:04,075 - INFO - p1_tot_amount 업데이트 완료.
2024-11-13 12:00:04,077 - INFO - ETL 프로세스 성공적으로 완료.
2024-11-14 12:00:01,752 - INFO - ETL 프로세스 시작.
2024-11-14 12:00:01,752 - INFO - MySQL 연결 중: 175.196.7.45
2024-11-14 12:00:01,822 - INFO - MySQL 연결 성공.
2024-11-14 12:00:01,822 - INFO - Informix 연결 중: 175.196.7.17:1526
2024-11-14 12:00:02,102 - INFO - Informix 연결 성공.
2024-11-14 12:00:02,102 - INFO - Informix에서 데이터 추출 중...
2024-11-14 12:00:02,646 - INFO - 데이터 추출 완료. 총 2941개의 레코드.
2024-11-14 12:00:02,646 - INFO - Truncating MySQL TbWebShip table before insert.
2024-11-14 12:00:02,669 - INFO - MySQL로 데이터 삽입 중...
2024-11-14 12:00:03,399 - INFO - MySQL에 2941개의 데이터 삽입 완료.
2024-11-14 12:00:03,451 - INFO - chain_name 업데이트 완료.
2024-11-14 12:00:03,452 - INFO - p1_price 업데이트 중...
2024-11-14 12:00:04,179 - INFO - p1_price 업데이트 완료.
2024-11-14 12:00:04,179 - INFO - p1_amount 업데이트 중...
2024-11-14 12:00:04,215 - INFO - p1_amount 업데이트 완료.
2024-11-14 12:00:04,215 - INFO - p1_tax 업데이트 중...
2024-11-14 12:00:04,254 - INFO - p1_tax 업데이트 완료.
2024-11-14 12:00:04,255 - INFO - p1_tot_amount 업데이트 중...
2024-11-14 12:00:04,296 - INFO - p1_tot_amount 업데이트 완료.
2024-11-14 12:00:04,300 - INFO - ETL 프로세스 성공적으로 완료.
2024-11-15 12:00:01,111 - INFO - ETL 프로세스 시작.
2024-11-15 12:00:01,111 - INFO - MySQL 연결 중: 175.196.7.45
2024-11-15 12:00:01,137 - INFO - MySQL 연결 성공.
2024-11-15 12:00:01,137 - INFO - Informix 연결 중: 175.196.7.17:1526
2024-11-15 12:00:01,399 - INFO - Informix 연결 성공.
2024-11-15 12:00:01,399 - INFO - Informix에서 데이터 추출 중...
2024-11-15 12:00:02,335 - INFO - 데이터 추출 완료. 총 3010개의 레코드.
2024-11-15 12:00:02,336 - INFO - Truncating MySQL TbWebShip table before insert.
2024-11-15 12:00:02,361 - INFO - MySQL로 데이터 삽입 중...
2024-11-15 12:00:02,792 - INFO - MySQL에 3010개의 데이터 삽입 완료.
2024-11-15 12:00:02,825 - INFO - chain_name 업데이트 완료.
2024-11-15 12:00:02,825 - INFO - p1_price 업데이트 중...
2024-11-15 12:00:03,599 - INFO - p1_price 업데이트 완료.
2024-11-15 12:00:03,599 - INFO - p1_amount 업데이트 중...
2024-11-15 12:00:03,639 - INFO - p1_amount 업데이트 완료.
2024-11-15 12:00:03,639 - INFO - p1_tax 업데이트 중...
2024-11-15 12:00:03,680 - INFO - p1_tax 업데이트 완료.
2024-11-15 12:00:03,681 - INFO - p1_tot_amount 업데이트 중...
2024-11-15 12:00:03,723 - INFO - p1_tot_amount 업데이트 완료.
2024-11-15 12:00:03,726 - INFO - ETL 프로세스 성공적으로 완료.
2024-11-16 12:00:01,914 - INFO - ETL 프로세스 시작.
2024-11-16 12:00:01,914 - INFO - MySQL 연결 중: 175.196.7.45
2024-11-16 12:00:01,941 - INFO - MySQL 연결 성공.
2024-11-16 12:00:01,941 - INFO - Informix 연결 중: 175.196.7.17:1526
2024-11-16 12:00:02,219 - INFO - Informix 연결 성공.
2024-11-16 12:00:02,219 - INFO - Informix에서 데이터 추출 중...
2024-11-16 12:00:03,325 - INFO - 데이터 추출 완료. 총 3058개의 레코드.
2024-11-16 12:00:03,325 - INFO - Truncating MySQL TbWebShip table before insert.
2024-11-16 12:00:03,358 - INFO - MySQL로 데이터 삽입 중...
2024-11-16 12:00:04,122 - INFO - MySQL에 3058개의 데이터 삽입 완료.
2024-11-16 12:00:04,170 - INFO - chain_name 업데이트 완료.
2024-11-16 12:00:04,170 - INFO - p1_price 업데이트 중...
2024-11-16 12:00:04,959 - INFO - p1_price 업데이트 완료.
2024-11-16 12:00:04,960 - INFO - p1_amount 업데이트 중...
2024-11-16 12:00:05,013 - INFO - p1_amount 업데이트 완료.
2024-11-16 12:00:05,013 - INFO - p1_tax 업데이트 중...
2024-11-16 12:00:05,053 - INFO - p1_tax 업데이트 완료.
2024-11-16 12:00:05,053 - INFO - p1_tot_amount 업데이트 중...
2024-11-16 12:00:05,094 - INFO - p1_tot_amount 업데이트 완료.
2024-11-16 12:00:05,096 - INFO - ETL 프로세스 성공적으로 완료.
2024-11-17 12:00:01,473 - INFO - ETL 프로세스 시작.
2024-11-17 12:00:01,473 - INFO - MySQL 연결 중: 175.196.7.45
2024-11-17 12:00:01,500 - INFO - MySQL 연결 성공.
2024-11-17 12:00:01,500 - INFO - Informix 연결 중: 175.196.7.17:1526
2024-11-17 12:00:01,761 - INFO - Informix 연결 성공.
2024-11-17 12:00:01,761 - INFO - Informix에서 데이터 추출 중...
2024-11-17 12:00:02,373 - INFO - 데이터 추출 완료. 총 3161개의 레코드.
2024-11-17 12:00:02,373 - INFO - Truncating MySQL TbWebShip table before insert.
2024-11-17 12:00:02,407 - INFO - MySQL로 데이터 삽입 중...
2024-11-17 12:00:03,509 - INFO - MySQL에 3161개의 데이터 삽입 완료.
2024-11-17 12:00:03,546 - INFO - chain_name 업데이트 완료.
2024-11-17 12:00:03,546 - INFO - p1_price 업데이트 중...
2024-11-17 12:00:04,359 - INFO - p1_price 업데이트 완료.
2024-11-17 12:00:04,359 - INFO - p1_amount 업데이트 중...
2024-11-17 12:00:04,400 - INFO - p1_amount 업데이트 완료.
2024-11-17 12:00:04,400 - INFO - p1_tax 업데이트 중...
2024-11-17 12:00:04,443 - INFO - p1_tax 업데이트 완료.
2024-11-17 12:00:04,443 - INFO - p1_tot_amount 업데이트 중...
2024-11-17 12:00:04,486 - INFO - p1_tot_amount 업데이트 완료.
2024-11-17 12:00:04,489 - INFO - ETL 프로세스 성공적으로 완료.
2024-11-18 12:00:01,610 - INFO - ETL 프로세스 시작.
2024-11-18 12:00:01,610 - INFO - MySQL 연결 중: 175.196.7.45
2024-11-18 12:00:01,636 - INFO - MySQL 연결 성공.
2024-11-18 12:00:01,636 - INFO - Informix 연결 중: 175.196.7.17:1526
2024-11-18 12:00:01,896 - INFO - Informix 연결 성공.
2024-11-18 12:00:01,896 - INFO - Informix에서 데이터 추출 중...
2024-11-18 12:00:02,472 - INFO - 데이터 추출 완료. 총 3161개의 레코드.
2024-11-18 12:00:02,472 - INFO - Truncating MySQL TbWebShip table before insert.
2024-11-18 12:00:02,499 - INFO - MySQL로 데이터 삽입 중...
2024-11-18 12:00:03,290 - INFO - MySQL에 3161개의 데이터 삽입 완료.
2024-11-18 12:00:03,352 - INFO - chain_name 업데이트 완료.
2024-11-18 12:00:03,352 - INFO - p1_price 업데이트 중...
2024-11-18 12:00:04,171 - INFO - p1_price 업데이트 완료.
2024-11-18 12:00:04,171 - INFO - p1_amount 업데이트 중...
2024-11-18 12:00:04,212 - INFO - p1_amount 업데이트 완료.
2024-11-18 12:00:04,212 - INFO - p1_tax 업데이트 중...
2024-11-18 12:00:04,255 - INFO - p1_tax 업데이트 완료.
2024-11-18 12:00:04,255 - INFO - p1_tot_amount 업데이트 중...
2024-11-18 12:00:04,298 - INFO - p1_tot_amount 업데이트 완료.
2024-11-18 12:00:04,300 - INFO - ETL 프로세스 성공적으로 완료.
2024-11-19 12:00:01,533 - INFO - ETL 프로세스 시작.
2024-11-19 12:00:01,533 - INFO - MySQL 연결 중: 175.196.7.45
2024-11-19 12:00:01,560 - INFO - MySQL 연결 성공.
2024-11-19 12:00:01,560 - INFO - Informix 연결 중: 175.196.7.17:1526
2024-11-19 12:00:01,822 - INFO - Informix 연결 성공.
2024-11-19 12:00:01,822 - INFO - Informix에서 데이터 추출 중...
2024-11-19 12:00:02,516 - INFO - 데이터 추출 완료. 총 3240개의 레코드.
2024-11-19 12:00:02,516 - INFO - Truncating MySQL TbWebShip table before insert.
2024-11-19 12:00:02,544 - INFO - MySQL로 데이터 삽입 중...
2024-11-19 12:00:03,056 - INFO - MySQL에 3240개의 데이터 삽입 완료.
2024-11-19 12:00:03,091 - INFO - chain_name 업데이트 완료.
2024-11-19 12:00:03,092 - INFO - p1_price 업데이트 중...
2024-11-19 12:00:03,948 - INFO - p1_price 업데이트 완료.
2024-11-19 12:00:03,948 - INFO - p1_amount 업데이트 중...
2024-11-19 12:00:04,011 - INFO - p1_amount 업데이트 완료.
2024-11-19 12:00:04,011 - INFO - p1_tax 업데이트 중...
2024-11-19 12:00:04,054 - INFO - p1_tax 업데이트 완료.
2024-11-19 12:00:04,054 - INFO - p1_tot_amount 업데이트 중...
2024-11-19 12:00:04,098 - INFO - p1_tot_amount 업데이트 완료.
2024-11-19 12:00:04,100 - INFO - ETL 프로세스 성공적으로 완료.
2024-11-20 12:00:02,009 - INFO - ETL 프로세스 시작.
2024-11-20 12:00:02,010 - INFO - MySQL 연결 중: 175.196.7.45
2024-11-20 12:00:02,037 - INFO - MySQL 연결 성공.
2024-11-20 12:00:02,037 - INFO - Informix 연결 중: 175.196.7.17:1526
2024-11-20 12:00:02,318 - INFO - Informix 연결 성공.
2024-11-20 12:00:02,318 - INFO - Informix에서 데이터 추출 중...
2024-11-20 12:00:03,072 - INFO - 데이터 추출 완료. 총 3289개의 레코드.
2024-11-20 12:00:03,072 - INFO - Truncating MySQL TbWebShip table before insert.
2024-11-20 12:00:03,099 - INFO - MySQL로 데이터 삽입 중...
2024-11-20 12:00:03,951 - INFO - MySQL에 3289개의 데이터 삽입 완료.
2024-11-20 12:00:03,991 - INFO - chain_name 업데이트 완료.
2024-11-20 12:00:03,991 - INFO - p1_price 업데이트 중...
2024-11-20 12:00:04,875 - INFO - p1_price 업데이트 완료.
2024-11-20 12:00:04,875 - INFO - p1_amount 업데이트 중...
2024-11-20 12:00:04,932 - INFO - p1_amount 업데이트 완료.
2024-11-20 12:00:04,932 - INFO - p1_tax 업데이트 중...
2024-11-20 12:00:04,976 - INFO - p1_tax 업데이트 완료.
2024-11-20 12:00:04,976 - INFO - p1_tot_amount 업데이트 중...
2024-11-20 12:00:05,022 - INFO - p1_tot_amount 업데이트 완료.
2024-11-20 12:00:05,024 - INFO - ETL 프로세스 성공적으로 완료.
2024-11-21 12:00:01,695 - INFO - ETL 프로세스 시작.
2024-11-21 12:00:01,695 - INFO - MySQL 연결 중: 175.196.7.45
2024-11-21 12:00:01,722 - INFO - MySQL 연결 성공.
2024-11-21 12:00:01,722 - INFO - Informix 연결 중: 175.196.7.17:1526
2024-11-21 12:00:01,972 - INFO - Informix 연결 성공.
2024-11-21 12:00:01,986 - INFO - Informix에서 데이터 추출 중...
2024-11-21 12:00:02,663 - INFO - 데이터 추출 완료. 총 3354개의 레코드.
2024-11-21 12:00:02,663 - INFO - Truncating MySQL TbWebShip table before insert.
2024-11-21 12:00:02,690 - INFO - MySQL로 데이터 삽입 중...
2024-11-21 12:00:03,523 - INFO - MySQL에 3354개의 데이터 삽입 완료.
2024-11-21 12:00:03,589 - INFO - chain_name 업데이트 완료.
2024-11-21 12:00:03,589 - INFO - p1_price 업데이트 중...
2024-11-21 12:00:04,488 - INFO - p1_price 업데이트 완료.
2024-11-21 12:00:04,489 - INFO - p1_amount 업데이트 중...
2024-11-21 12:00:04,530 - INFO - p1_amount 업데이트 완료.
2024-11-21 12:00:04,530 - INFO - p1_tax 업데이트 중...
2024-11-21 12:00:04,574 - INFO - p1_tax 업데이트 완료.
2024-11-21 12:00:04,574 - INFO - p1_tot_amount 업데이트 중...
2024-11-21 12:00:04,623 - INFO - p1_tot_amount 업데이트 완료.
2024-11-21 12:00:04,626 - INFO - ETL 프로세스 성공적으로 완료.
2024-11-22 12:00:01,754 - INFO - ETL 프로세스 시작.
2024-11-22 12:00:01,754 - INFO - MySQL 연결 중: 175.196.7.45
2024-11-22 12:00:01,781 - INFO - MySQL 연결 성공.
2024-11-22 12:00:01,781 - INFO - Informix 연결 중: 175.196.7.17:1526
2024-11-22 12:00:02,044 - INFO - Informix 연결 성공.
2024-11-22 12:00:02,044 - INFO - Informix에서 데이터 추출 중...
2024-11-22 12:00:02,787 - INFO - 데이터 추출 완료. 총 3416개의 레코드.
2024-11-22 12:00:02,787 - INFO - Truncating MySQL TbWebShip table before insert.
2024-11-22 12:00:02,812 - INFO - MySQL로 데이터 삽입 중...
2024-11-22 12:00:03,319 - INFO - MySQL에 3416개의 데이터 삽입 완료.
2024-11-22 12:00:03,356 - INFO - chain_name 업데이트 완료.
2024-11-22 12:00:03,356 - INFO - p1_price 업데이트 중...
2024-11-22 12:00:04,278 - INFO - p1_price 업데이트 완료.
2024-11-22 12:00:04,278 - INFO - p1_amount 업데이트 중...
2024-11-22 12:00:04,319 - INFO - p1_amount 업데이트 완료.
2024-11-22 12:00:04,319 - INFO - p1_tax 업데이트 중...
2024-11-22 12:00:04,364 - INFO - p1_tax 업데이트 완료.
2024-11-22 12:00:04,364 - INFO - p1_tot_amount 업데이트 중...
2024-11-22 12:00:04,411 - INFO - p1_tot_amount 업데이트 완료.
2024-11-22 12:00:04,413 - INFO - ETL 프로세스 성공적으로 완료.
2024-11-23 12:00:01,108 - INFO - ETL 프로세스 시작.
2024-11-23 12:00:01,108 - INFO - MySQL 연결 중: 175.196.7.45
2024-11-23 12:00:01,135 - INFO - MySQL 연결 성공.
2024-11-23 12:00:01,135 - INFO - Informix 연결 중: 175.196.7.17:1526
2024-11-23 12:00:01,420 - INFO - Informix 연결 성공.
2024-11-23 12:00:01,420 - INFO - Informix에서 데이터 추출 중...
2024-11-23 12:00:02,264 - INFO - 데이터 추출 완료. 총 3505개의 레코드.
2024-11-23 12:00:02,264 - INFO - Truncating MySQL TbWebShip table before insert.
2024-11-23 12:00:02,300 - INFO - MySQL로 데이터 삽입 중...
2024-11-23 12:00:03,027 - INFO - MySQL에 3505개의 데이터 삽입 완료.
2024-11-23 12:00:03,066 - INFO - chain_name 업데이트 완료.
2024-11-23 12:00:03,067 - INFO - p1_price 업데이트 중...
2024-11-23 12:00:04,012 - INFO - p1_price 업데이트 완료.
2024-11-23 12:00:04,012 - INFO - p1_amount 업데이트 중...
2024-11-23 12:00:04,055 - INFO - p1_amount 업데이트 완료.
2024-11-23 12:00:04,055 - INFO - p1_tax 업데이트 중...
2024-11-23 12:00:04,102 - INFO - p1_tax 업데이트 완료.
2024-11-23 12:00:04,102 - INFO - p1_tot_amount 업데이트 중...
2024-11-23 12:00:04,149 - INFO - p1_tot_amount 업데이트 완료.
2024-11-23 12:00:04,151 - INFO - ETL 프로세스 성공적으로 완료.
2024-11-24 12:00:01,592 - INFO - ETL 프로세스 시작.
2024-11-24 12:00:01,592 - INFO - MySQL 연결 중: 175.196.7.45
2024-11-24 12:00:01,619 - INFO - MySQL 연결 성공.
2024-11-24 12:00:01,619 - INFO - Informix 연결 중: 175.196.7.17:1526
2024-11-24 12:00:01,885 - INFO - Informix 연결 성공.
2024-11-24 12:00:01,885 - INFO - Informix에서 데이터 추출 중...
2024-11-24 12:00:02,523 - INFO - 데이터 추출 완료. 총 3591개의 레코드.
2024-11-24 12:00:02,523 - INFO - Truncating MySQL TbWebShip table before insert.
2024-11-24 12:00:02,555 - INFO - MySQL로 데이터 삽입 중...
2024-11-24 12:00:03,441 - INFO - MySQL에 3591개의 데이터 삽입 완료.
2024-11-24 12:00:03,511 - INFO - chain_name 업데이트 완료.
2024-11-24 12:00:03,511 - INFO - p1_price 업데이트 중...
2024-11-24 12:00:04,486 - INFO - p1_price 업데이트 완료.
2024-11-24 12:00:04,486 - INFO - p1_amount 업데이트 중...
2024-11-24 12:00:04,532 - INFO - p1_amount 업데이트 완료.
2024-11-24 12:00:04,532 - INFO - p1_tax 업데이트 중...
2024-11-24 12:00:04,580 - INFO - p1_tax 업데이트 완료.
2024-11-24 12:00:04,580 - INFO - p1_tot_amount 업데이트 중...
2024-11-24 12:00:04,628 - INFO - p1_tot_amount 업데이트 완료.
2024-11-24 12:00:04,631 - INFO - ETL 프로세스 성공적으로 완료.
2024-11-25 12:00:01,783 - INFO - ETL 프로세스 시작.
2024-11-25 12:00:01,784 - INFO - MySQL 연결 중: 175.196.7.45
2024-11-25 12:00:01,811 - INFO - MySQL 연결 성공.
2024-11-25 12:00:01,811 - INFO - Informix 연결 중: 175.196.7.17:1526
2024-11-25 12:00:02,088 - INFO - Informix 연결 성공.
2024-11-25 12:00:02,088 - INFO - Informix에서 데이터 추출 중...
2024-11-25 12:00:02,852 - INFO - 데이터 추출 완료. 총 3591개의 레코드.
2024-11-25 12:00:02,852 - INFO - Truncating MySQL TbWebShip table before insert.
2024-11-25 12:00:02,880 - INFO - MySQL로 데이터 삽입 중...
2024-11-25 12:00:03,422 - INFO - MySQL에 3591개의 데이터 삽입 완료.
2024-11-25 12:00:03,464 - INFO - chain_name 업데이트 완료.
2024-11-25 12:00:03,464 - INFO - p1_price 업데이트 중...
2024-11-25 12:00:04,496 - INFO - p1_price 업데이트 완료.
2024-11-25 12:00:04,496 - INFO - p1_amount 업데이트 중...
2024-11-25 12:00:04,542 - INFO - p1_amount 업데이트 완료.
2024-11-25 12:00:04,542 - INFO - p1_tax 업데이트 중...
2024-11-25 12:00:04,592 - INFO - p1_tax 업데이트 완료.
2024-11-25 12:00:04,592 - INFO - p1_tot_amount 업데이트 중...
2024-11-25 12:00:04,643 - INFO - p1_tot_amount 업데이트 완료.
2024-11-25 12:00:04,645 - INFO - ETL 프로세스 성공적으로 완료.
2024-11-26 12:00:02,047 - INFO - ETL 프로세스 시작.
2024-11-26 12:00:02,047 - INFO - MySQL 연결 중: 175.196.7.45
2024-11-26 12:00:02,074 - INFO - MySQL 연결 성공.
2024-11-26 12:00:02,074 - INFO - Informix 연결 중: 175.196.7.17:1526
2024-11-26 12:00:02,333 - INFO - Informix 연결 성공.
2024-11-26 12:00:02,333 - INFO - Informix에서 데이터 추출 중...
2024-11-26 12:00:03,018 - INFO - 데이터 추출 완료. 총 3625개의 레코드.
2024-11-26 12:00:03,018 - INFO - Truncating MySQL TbWebShip table before insert.
2024-11-26 12:00:03,051 - INFO - MySQL로 데이터 삽입 중...
2024-11-26 12:00:03,818 - INFO - MySQL에 3625개의 데이터 삽입 완료.
2024-11-26 12:00:03,860 - INFO - chain_name 업데이트 완료.
2024-11-26 12:00:03,860 - INFO - p1_price 업데이트 중...
2024-11-26 12:00:04,838 - INFO - p1_price 업데이트 완료.
2024-11-26 12:00:04,838 - INFO - p1_amount 업데이트 중...
2024-11-26 12:00:04,883 - INFO - p1_amount 업데이트 완료.
2024-11-26 12:00:04,883 - INFO - p1_tax 업데이트 중...
2024-11-26 12:00:04,932 - INFO - p1_tax 업데이트 완료.
2024-11-26 12:00:04,933 - INFO - p1_tot_amount 업데이트 중...
2024-11-26 12:00:04,981 - INFO - p1_tot_amount 업데이트 완료.
2024-11-26 12:00:04,983 - INFO - ETL 프로세스 성공적으로 완료.
2024-11-27 12:00:01,868 - INFO - ETL 프로세스 시작.
2024-11-27 12:00:01,868 - INFO - MySQL 연결 중: 175.196.7.45
2024-11-27 12:00:01,895 - INFO - MySQL 연결 성공.
2024-11-27 12:00:01,895 - INFO - Informix 연결 중: 175.196.7.17:1526
2024-11-27 12:00:02,159 - INFO - Informix 연결 성공.
2024-11-27 12:00:02,159 - INFO - Informix에서 데이터 추출 중...
2024-11-27 12:00:02,974 - INFO - 데이터 추출 완료. 총 3691개의 레코드.
2024-11-27 12:00:02,974 - INFO - Truncating MySQL TbWebShip table before insert.
2024-11-27 12:00:03,012 - INFO - MySQL로 데이터 삽입 중...
2024-11-27 12:00:03,769 - INFO - MySQL에 3691개의 데이터 삽입 완료.
2024-11-27 12:00:03,810 - INFO - chain_name 업데이트 완료.
2024-11-27 12:00:03,810 - INFO - p1_price 업데이트 중...
2024-11-27 12:00:04,818 - INFO - p1_price 업데이트 완료.
2024-11-27 12:00:04,818 - INFO - p1_amount 업데이트 중...
2024-11-27 12:00:04,864 - INFO - p1_amount 업데이트 완료.
2024-11-27 12:00:04,864 - INFO - p1_tax 업데이트 중...
2024-11-27 12:00:04,913 - INFO - p1_tax 업데이트 완료.
2024-11-27 12:00:04,913 - INFO - p1_tot_amount 업데이트 중...
2024-11-27 12:00:04,976 - INFO - p1_tot_amount 업데이트 완료.
2024-11-27 12:00:04,981 - INFO - ETL 프로세스 성공적으로 완료.
2024-11-28 12:00:01,615 - INFO - ETL 프로세스 시작.
2024-11-28 12:00:01,615 - INFO - MySQL 연결 중: 175.196.7.45
2024-11-28 12:00:01,642 - INFO - MySQL 연결 성공.
2024-11-28 12:00:01,642 - INFO - Informix 연결 중: 175.196.7.17:1526
2024-11-28 12:00:01,923 - INFO - Informix 연결 성공.
2024-11-28 12:00:01,923 - INFO - Informix에서 데이터 추출 중...
2024-11-28 12:00:02,708 - INFO - 데이터 추출 완료. 총 3763개의 레코드.
2024-11-28 12:00:02,708 - INFO - Truncating MySQL TbWebShip table before insert.
2024-11-28 12:00:02,739 - INFO - MySQL로 데이터 삽입 중...
2024-11-28 12:00:03,707 - INFO - MySQL에 3763개의 데이터 삽입 완료.
2024-11-28 12:00:03,748 - INFO - chain_name 업데이트 완료.
2024-11-28 12:00:03,748 - INFO - p1_price 업데이트 중...
2024-11-28 12:00:04,771 - INFO - p1_price 업데이트 완료.
2024-11-28 12:00:04,771 - INFO - p1_amount 업데이트 중...
2024-11-28 12:00:04,819 - INFO - p1_amount 업데이트 완료.
2024-11-28 12:00:04,819 - INFO - p1_tax 업데이트 중...
2024-11-28 12:00:04,871 - INFO - p1_tax 업데이트 완료.
2024-11-28 12:00:04,871 - INFO - p1_tot_amount 업데이트 중...
2024-11-28 12:00:04,921 - INFO - p1_tot_amount 업데이트 완료.
2024-11-28 12:00:04,923 - INFO - ETL 프로세스 성공적으로 완료.
2024-11-29 12:00:01,117 - INFO - ETL 프로세스 시작.
2024-11-29 12:00:01,117 - INFO - MySQL 연결 중: 175.196.7.45
2024-11-29 12:00:01,144 - INFO - MySQL 연결 성공.
2024-11-29 12:00:01,144 - INFO - Informix 연결 중: 175.196.7.17:1526
2024-11-29 12:00:01,411 - INFO - Informix 연결 성공.
2024-11-29 12:00:01,424 - INFO - Informix에서 데이터 추출 중...
2024-11-29 12:00:02,452 - INFO - 데이터 추출 완료. 총 3798개의 레코드.
2024-11-29 12:00:02,452 - INFO - Truncating MySQL TbWebShip table before insert.
2024-11-29 12:00:02,483 - INFO - MySQL로 데이터 삽입 중...
2024-11-29 12:00:03,495 - INFO - MySQL에 3798개의 데이터 삽입 완료.
2024-11-29 12:00:03,536 - INFO - chain_name 업데이트 완료.
2024-11-29 12:00:03,536 - INFO - p1_price 업데이트 중...
2024-11-29 12:00:04,580 - INFO - p1_price 업데이트 완료.
2024-11-29 12:00:04,580 - INFO - p1_amount 업데이트 중...
2024-11-29 12:00:04,629 - INFO - p1_amount 업데이트 완료.
2024-11-29 12:00:04,630 - INFO - p1_tax 업데이트 중...
2024-11-29 12:00:04,695 - INFO - p1_tax 업데이트 완료.
2024-11-29 12:00:04,696 - INFO - p1_tot_amount 업데이트 중...
2024-11-29 12:00:04,747 - INFO - p1_tot_amount 업데이트 완료.
2024-11-29 12:00:04,749 - INFO - ETL 프로세스 성공적으로 완료.
2024-11-30 12:00:01,207 - INFO - ETL 프로세스 시작.
2024-11-30 12:00:01,207 - INFO - MySQL 연결 중: 175.196.7.45
2024-11-30 12:00:01,234 - INFO - MySQL 연결 성공.
2024-11-30 12:00:01,234 - INFO - Informix 연결 중: 175.196.7.17:1526
2024-11-30 12:00:01,498 - INFO - Informix 연결 성공.
2024-11-30 12:00:01,498 - INFO - Informix에서 데이터 추출 중...
2024-11-30 12:00:02,308 - INFO - 데이터 추출 완료. 총 3859개의 레코드.
2024-11-30 12:00:02,308 - INFO - Truncating MySQL TbWebShip table before insert.
2024-11-30 12:00:02,339 - INFO - MySQL로 데이터 삽입 중...
2024-11-30 12:00:03,113 - INFO - MySQL에 3859개의 데이터 삽입 완료.
2024-11-30 12:00:03,155 - INFO - chain_name 업데이트 완료.
2024-11-30 12:00:03,155 - INFO - p1_price 업데이트 중...
2024-11-30 12:00:04,222 - INFO - p1_price 업데이트 완료.
2024-11-30 12:00:04,222 - INFO - p1_amount 업데이트 중...
2024-11-30 12:00:04,269 - INFO - p1_amount 업데이트 완료.
2024-11-30 12:00:04,269 - INFO - p1_tax 업데이트 중...
2024-11-30 12:00:04,320 - INFO - p1_tax 업데이트 완료.
2024-11-30 12:00:04,320 - INFO - p1_tot_amount 업데이트 중...
2024-11-30 12:00:04,372 - INFO - p1_tot_amount 업데이트 완료.
2024-11-30 12:00:04,374 - INFO - ETL 프로세스 성공적으로 완료.
2024-12-01 12:00:01,395 - INFO - ETL 프로세스 시작.
2024-12-01 12:00:01,396 - INFO - MySQL 연결 중: 175.196.7.45
2024-12-01 12:00:01,422 - INFO - MySQL 연결 성공.
2024-12-01 12:00:01,422 - INFO - Informix 연결 중: 175.196.7.17:1526
2024-12-01 12:00:01,668 - INFO - Informix 연결 성공.
2024-12-01 12:00:01,682 - INFO - Informix에서 데이터 추출 중...
2024-12-01 12:00:02,393 - INFO - 데이터 추출 완료. 총 3943개의 레코드.
2024-12-01 12:00:02,393 - INFO - Truncating MySQL TbWebShip table before insert.
2024-12-01 12:00:02,424 - INFO - MySQL로 데이터 삽입 중...
2024-12-01 12:00:03,206 - INFO - MySQL에 3943개의 데이터 삽입 완료.
2024-12-01 12:00:03,250 - INFO - chain_name 업데이트 완료.
2024-12-01 12:00:03,250 - INFO - p1_price 업데이트 중...
2024-12-01 12:00:03,252 - INFO - p1_price 업데이트 완료.
2024-12-01 12:00:03,252 - INFO - p1_amount 업데이트 중...
2024-12-01 12:00:03,257 - INFO - p1_amount 업데이트 완료.
2024-12-01 12:00:03,257 - INFO - p1_tax 업데이트 중...
2024-12-01 12:00:03,275 - INFO - p1_tax 업데이트 완료.
2024-12-01 12:00:03,276 - INFO - p1_tot_amount 업데이트 중...
2024-12-01 12:00:03,280 - INFO - p1_tot_amount 업데이트 완료.
2024-12-01 12:00:03,282 - INFO - ETL 프로세스 성공적으로 완료.
2024-12-02 12:00:01,672 - INFO - ETL 프로세스 시작.
2024-12-02 12:00:01,672 - INFO - MySQL 연결 중: 175.196.7.45
2024-12-02 12:00:01,699 - INFO - MySQL 연결 성공.
2024-12-02 12:00:01,699 - INFO - Informix 연결 중: 175.196.7.17:1526
2024-12-02 12:00:01,957 - INFO - Informix 연결 성공.
2024-12-02 12:00:01,957 - INFO - Informix에서 데이터 추출 중...
2024-12-02 12:00:02,718 - INFO - 데이터 추출 완료. 총 3943개의 레코드.
2024-12-02 12:00:02,718 - INFO - Truncating MySQL TbWebShip table before insert.
2024-12-02 12:00:02,747 - INFO - MySQL로 데이터 삽입 중...
2024-12-02 12:00:03,362 - INFO - MySQL에 3943개의 데이터 삽입 완료.
2024-12-02 12:00:03,405 - INFO - chain_name 업데이트 완료.
2024-12-02 12:00:03,405 - INFO - p1_price 업데이트 중...
2024-12-02 12:00:03,408 - INFO - p1_price 업데이트 완료.
2024-12-02 12:00:03,408 - INFO - p1_amount 업데이트 중...
2024-12-02 12:00:03,412 - INFO - p1_amount 업데이트 완료.
2024-12-02 12:00:03,412 - INFO - p1_tax 업데이트 중...
2024-12-02 12:00:03,432 - INFO - p1_tax 업데이트 완료.
2024-12-02 12:00:03,432 - INFO - p1_tot_amount 업데이트 중...
2024-12-02 12:00:03,436 - INFO - p1_tot_amount 업데이트 완료.
2024-12-02 12:00:03,439 - INFO - ETL 프로세스 성공적으로 완료.
2024-12-03 12:00:02,006 - INFO - ETL 프로세스 시작.
2024-12-03 12:00:02,006 - INFO - MySQL 연결 중: 175.196.7.45
2024-12-03 12:00:02,033 - INFO - MySQL 연결 성공.
2024-12-03 12:00:02,033 - INFO - Informix 연결 중: 175.196.7.17:1526
2024-12-03 12:00:02,291 - INFO - Informix 연결 성공.
2024-12-03 12:00:02,291 - INFO - Informix에서 데이터 추출 중...
2024-12-03 12:00:02,937 - INFO - 데이터 추출 완료. 총 3943개의 레코드.
2024-12-03 12:00:02,937 - INFO - Truncating MySQL TbWebShip table before insert.
2024-12-03 12:00:02,971 - INFO - MySQL로 데이터 삽입 중...
2024-12-03 12:00:03,577 - INFO - MySQL에 3943개의 데이터 삽입 완료.
2024-12-03 12:00:03,622 - INFO - chain_name 업데이트 완료.
2024-12-03 12:00:03,622 - INFO - p1_price 업데이트 중...
2024-12-03 12:00:03,625 - INFO - p1_price 업데이트 완료.
2024-12-03 12:00:03,625 - INFO - p1_amount 업데이트 중...
2024-12-03 12:00:03,629 - INFO - p1_amount 업데이트 완료.
2024-12-03 12:00:03,629 - INFO - p1_tax 업데이트 중...
2024-12-03 12:00:03,648 - INFO - p1_tax 업데이트 완료.
2024-12-03 12:00:03,649 - INFO - p1_tot_amount 업데이트 중...
2024-12-03 12:00:03,653 - INFO - p1_tot_amount 업데이트 완료.
2024-12-03 12:00:03,655 - INFO - ETL 프로세스 성공적으로 완료.
2024-12-04 12:00:01,089 - INFO - ETL 프로세스 시작.
2024-12-04 12:00:01,089 - INFO - MySQL 연결 중: 175.196.7.45
2024-12-04 12:00:01,115 - INFO - MySQL 연결 성공.
2024-12-04 12:00:01,116 - INFO - Informix 연결 중: 175.196.7.17:1526
2024-12-04 12:00:01,379 - INFO - Informix 연결 성공.
2024-12-04 12:00:01,379 - INFO - Informix에서 데이터 추출 중...
2024-12-04 12:00:02,099 - INFO - 데이터 추출 완료. 총 3943개의 레코드.
2024-12-04 12:00:02,099 - INFO - Truncating MySQL TbWebShip table before insert.
2024-12-04 12:00:02,130 - INFO - MySQL로 데이터 삽입 중...
2024-12-04 12:00:02,740 - INFO - MySQL에 3943개의 데이터 삽입 완료.
2024-12-04 12:00:02,784 - INFO - chain_name 업데이트 완료.
2024-12-04 12:00:02,784 - INFO - p1_price 업데이트 중...
2024-12-04 12:00:02,787 - INFO - p1_price 업데이트 완료.
2024-12-04 12:00:02,787 - INFO - p1_amount 업데이트 중...
2024-12-04 12:00:02,791 - INFO - p1_amount 업데이트 완료.
2024-12-04 12:00:02,791 - INFO - p1_tax 업데이트 중...
2024-12-04 12:00:02,810 - INFO - p1_tax 업데이트 완료.
2024-12-04 12:00:02,810 - INFO - p1_tot_amount 업데이트 중...
2024-12-04 12:00:02,814 - INFO - p1_tot_amount 업데이트 완료.
2024-12-04 12:00:02,817 - INFO - ETL 프로세스 성공적으로 완료.
2024-12-05 12:00:01,493 - INFO - ETL 프로세스 시작.
2024-12-05 12:00:01,493 - INFO - MySQL 연결 중: 175.196.7.45
2024-12-05 12:00:01,520 - INFO - MySQL 연결 성공.
2024-12-05 12:00:01,520 - INFO - Informix 연결 중: 175.196.7.17:1526
2024-12-05 12:00:01,781 - INFO - Informix 연결 성공.
2024-12-05 12:00:01,781 - INFO - Informix에서 데이터 추출 중...
2024-12-05 12:00:02,490 - INFO - 데이터 추출 완료. 총 3943개의 레코드.
2024-12-05 12:00:02,490 - INFO - Truncating MySQL TbWebShip table before insert.
2024-12-05 12:00:02,519 - INFO - MySQL로 데이터 삽입 중...
2024-12-05 12:00:03,583 - INFO - MySQL에 3943개의 데이터 삽입 완료.
2024-12-05 12:00:03,626 - INFO - chain_name 업데이트 완료.
2024-12-05 12:00:03,626 - INFO - p1_price 업데이트 중...
2024-12-05 12:00:03,629 - INFO - p1_price 업데이트 완료.
2024-12-05 12:00:03,629 - INFO - p1_amount 업데이트 중...
2024-12-05 12:00:03,633 - INFO - p1_amount 업데이트 완료.
2024-12-05 12:00:03,633 - INFO - p1_tax 업데이트 중...
2024-12-05 12:00:03,652 - INFO - p1_tax 업데이트 완료.
2024-12-05 12:00:03,652 - INFO - p1_tot_amount 업데이트 중...
2024-12-05 12:00:03,656 - INFO - p1_tot_amount 업데이트 완료.
2024-12-05 12:00:03,659 - INFO - ETL 프로세스 성공적으로 완료.
2024-12-06 12:00:01,566 - INFO - ETL 프로세스 시작.
2024-12-06 12:00:01,566 - INFO - MySQL 연결 중: 175.196.7.45
2024-12-06 12:00:01,593 - INFO - MySQL 연결 성공.
2024-12-06 12:00:01,593 - INFO - Informix 연결 중: 175.196.7.17:1526
2024-12-06 12:00:01,854 - INFO - Informix 연결 성공.
2024-12-06 12:00:01,854 - INFO - Informix에서 데이터 추출 중...
2024-12-06 12:00:02,529 - INFO - 데이터 추출 완료. 총 3943개의 레코드.
2024-12-06 12:00:02,529 - INFO - Truncating MySQL TbWebShip table before insert.
2024-12-06 12:00:02,558 - INFO - MySQL로 데이터 삽입 중...
2024-12-06 12:00:03,492 - INFO - MySQL에 3943개의 데이터 삽입 완료.
2024-12-06 12:00:03,534 - INFO - chain_name 업데이트 완료.
2024-12-06 12:00:03,535 - INFO - p1_price 업데이트 중...
2024-12-06 12:00:03,537 - INFO - p1_price 업데이트 완료.
2024-12-06 12:00:03,537 - INFO - p1_amount 업데이트 중...
2024-12-06 12:00:03,541 - INFO - p1_amount 업데이트 완료.
2024-12-06 12:00:03,542 - INFO - p1_tax 업데이트 중...
2024-12-06 12:00:03,561 - INFO - p1_tax 업데이트 완료.
2024-12-06 12:00:03,561 - INFO - p1_tot_amount 업데이트 중...
2024-12-06 12:00:03,565 - INFO - p1_tot_amount 업데이트 완료.
2024-12-06 12:00:03,567 - INFO - ETL 프로세스 성공적으로 완료.
2024-12-07 12:00:01,170 - INFO - ETL 프로세스 시작.
2024-12-07 12:00:01,170 - INFO - MySQL 연결 중: 175.196.7.45
2024-12-07 12:00:01,198 - INFO - MySQL 연결 성공.
2024-12-07 12:00:01,198 - INFO - Informix 연결 중: 175.196.7.17:1526
2024-12-07 12:00:01,467 - INFO - Informix 연결 성공.
2024-12-07 12:00:01,467 - INFO - Informix에서 데이터 추출 중...
2024-12-07 12:00:02,315 - INFO - 데이터 추출 완료. 총 3943개의 레코드.
2024-12-07 12:00:02,315 - INFO - Truncating MySQL TbWebShip table before insert.
2024-12-07 12:00:02,351 - INFO - MySQL로 데이터 삽입 중...
2024-12-07 12:00:03,210 - INFO - MySQL에 3943개의 데이터 삽입 완료.
2024-12-07 12:00:03,254 - INFO - chain_name 업데이트 완료.
2024-12-07 12:00:03,254 - INFO - p1_price 업데이트 중...
2024-12-07 12:00:03,257 - INFO - p1_price 업데이트 완료.
2024-12-07 12:00:03,257 - INFO - p1_amount 업데이트 중...
2024-12-07 12:00:03,261 - INFO - p1_amount 업데이트 완료.
2024-12-07 12:00:03,261 - INFO - p1_tax 업데이트 중...
2024-12-07 12:00:03,280 - INFO - p1_tax 업데이트 완료.
2024-12-07 12:00:03,280 - INFO - p1_tot_amount 업데이트 중...
2024-12-07 12:00:03,285 - INFO - p1_tot_amount 업데이트 완료.
2024-12-07 12:00:03,287 - INFO - ETL 프로세스 성공적으로 완료.
2024-12-08 12:00:01,855 - INFO - ETL 프로세스 시작.
2024-12-08 12:00:01,855 - INFO - MySQL 연결 중: 175.196.7.45
2024-12-08 12:00:01,882 - INFO - MySQL 연결 성공.
2024-12-08 12:00:01,882 - INFO - Informix 연결 중: 175.196.7.17:1526
2024-12-08 12:00:02,160 - INFO - Informix 연결 성공.
2024-12-08 12:00:02,160 - INFO - Informix에서 데이터 추출 중...
2024-12-08 12:00:02,866 - INFO - 데이터 추출 완료. 총 3943개의 레코드.
2024-12-08 12:00:02,866 - INFO - Truncating MySQL TbWebShip table before insert.
2024-12-08 12:00:02,899 - INFO - MySQL로 데이터 삽입 중...
2024-12-08 12:00:03,620 - INFO - MySQL에 3943개의 데이터 삽입 완료.
2024-12-08 12:00:03,663 - INFO - chain_name 업데이트 완료.
2024-12-08 12:00:03,663 - INFO - p1_price 업데이트 중...
2024-12-08 12:00:03,665 - INFO - p1_price 업데이트 완료.
2024-12-08 12:00:03,665 - INFO - p1_amount 업데이트 중...
2024-12-08 12:00:03,669 - INFO - p1_amount 업데이트 완료.
2024-12-08 12:00:03,670 - INFO - p1_tax 업데이트 중...
2024-12-08 12:00:03,689 - INFO - p1_tax 업데이트 완료.
2024-12-08 12:00:03,689 - INFO - p1_tot_amount 업데이트 중...
2024-12-08 12:00:03,693 - INFO - p1_tot_amount 업데이트 완료.
2024-12-08 12:00:03,695 - INFO - ETL 프로세스 성공적으로 완료.
2024-12-09 12:00:01,535 - INFO - ETL 프로세스 시작.
2024-12-09 12:00:01,535 - INFO - MySQL 연결 중: 175.196.7.45
2024-12-09 12:00:01,562 - INFO - MySQL 연결 성공.
2024-12-09 12:00:01,562 - INFO - Informix 연결 중: 175.196.7.17:1526
2024-12-09 12:00:01,808 - INFO - Informix 연결 성공.
2024-12-09 12:00:01,820 - INFO - Informix에서 데이터 추출 중...
2024-12-09 12:00:02,471 - INFO - 데이터 추출 완료. 총 3943개의 레코드.
2024-12-09 12:00:02,471 - INFO - Truncating MySQL TbWebShip table before insert.
2024-12-09 12:00:02,513 - INFO - MySQL로 데이터 삽입 중...
2024-12-09 12:00:03,649 - INFO - MySQL에 3943개의 데이터 삽입 완료.
2024-12-09 12:00:03,692 - INFO - chain_name 업데이트 완료.
2024-12-09 12:00:03,692 - INFO - p1_price 업데이트 중...
2024-12-09 12:00:03,695 - INFO - p1_price 업데이트 완료.
2024-12-09 12:00:03,695 - INFO - p1_amount 업데이트 중...
2024-12-09 12:00:03,699 - INFO - p1_amount 업데이트 완료.
2024-12-09 12:00:03,699 - INFO - p1_tax 업데이트 중...
2024-12-09 12:00:03,718 - INFO - p1_tax 업데이트 완료.
2024-12-09 12:00:03,718 - INFO - p1_tot_amount 업데이트 중...
2024-12-09 12:00:03,723 - INFO - p1_tot_amount 업데이트 완료.
2024-12-09 12:00:03,725 - INFO - ETL 프로세스 성공적으로 완료.
2024-12-10 12:00:01,738 - INFO - ETL 프로세스 시작.
2024-12-10 12:00:01,738 - INFO - MySQL 연결 중: 175.196.7.45
2024-12-10 12:00:01,765 - INFO - MySQL 연결 성공.
2024-12-10 12:00:01,765 - INFO - Informix 연결 중: 175.196.7.17:1526
2024-12-10 12:00:02,023 - INFO - Informix 연결 성공.
2024-12-10 12:00:02,023 - INFO - Informix에서 데이터 추출 중...
2024-12-10 12:00:02,686 - INFO - 데이터 추출 완료. 총 3943개의 레코드.
2024-12-10 12:00:02,686 - INFO - Truncating MySQL TbWebShip table before insert.
2024-12-10 12:00:02,731 - INFO - MySQL로 데이터 삽입 중...
2024-12-10 12:00:03,735 - INFO - MySQL에 3943개의 데이터 삽입 완료.
2024-12-10 12:00:03,780 - INFO - chain_name 업데이트 완료.
2024-12-10 12:00:03,780 - INFO - p1_price 업데이트 중...
2024-12-10 12:00:03,783 - INFO - p1_price 업데이트 완료.
2024-12-10 12:00:03,783 - INFO - p1_amount 업데이트 중...
2024-12-10 12:00:03,787 - INFO - p1_amount 업데이트 완료.
2024-12-10 12:00:03,787 - INFO - p1_tax 업데이트 중...
2024-12-10 12:00:03,806 - INFO - p1_tax 업데이트 완료.
2024-12-10 12:00:03,806 - INFO - p1_tot_amount 업데이트 중...
2024-12-10 12:00:03,810 - INFO - p1_tot_amount 업데이트 완료.
2024-12-10 12:00:03,813 - INFO - ETL 프로세스 성공적으로 완료.
2024-12-11 12:00:01,123 - INFO - ETL 프로세스 시작.
2024-12-11 12:00:01,123 - INFO - MySQL 연결 중: 175.196.7.45
2024-12-11 12:00:01,150 - INFO - MySQL 연결 성공.
2024-12-11 12:00:01,150 - INFO - Informix 연결 중: 175.196.7.17:1526
2024-12-11 12:00:01,410 - INFO - Informix 연결 성공.
2024-12-11 12:00:01,410 - INFO - Informix에서 데이터 추출 중...
2024-12-11 12:00:02,066 - INFO - 데이터 추출 완료. 총 3943개의 레코드.
2024-12-11 12:00:02,066 - INFO - Truncating MySQL TbWebShip table before insert.
2024-12-11 12:00:02,104 - INFO - MySQL로 데이터 삽입 중...
2024-12-11 12:00:03,051 - INFO - MySQL에 3943개의 데이터 삽입 완료.
2024-12-11 12:00:03,096 - INFO - chain_name 업데이트 완료.
2024-12-11 12:00:03,096 - INFO - p1_price 업데이트 중...
2024-12-11 12:00:03,099 - INFO - p1_price 업데이트 완료.
2024-12-11 12:00:03,099 - INFO - p1_amount 업데이트 중...
2024-12-11 12:00:03,103 - INFO - p1_amount 업데이트 완료.
2024-12-11 12:00:03,103 - INFO - p1_tax 업데이트 중...
2024-12-11 12:00:03,123 - INFO - p1_tax 업데이트 완료.
2024-12-11 12:00:03,124 - INFO - p1_tot_amount 업데이트 중...
2024-12-11 12:00:03,128 - INFO - p1_tot_amount 업데이트 완료.
2024-12-11 12:00:03,130 - INFO - ETL 프로세스 성공적으로 완료.
2024-12-12 12:00:02,038 - INFO - ETL 프로세스 시작.
2024-12-12 12:00:02,038 - INFO - MySQL 연결 중: 175.196.7.45
2024-12-12 12:00:02,065 - INFO - MySQL 연결 성공.
2024-12-12 12:00:02,065 - INFO - Informix 연결 중: 175.196.7.17:1526
2024-12-12 12:00:02,325 - INFO - Informix 연결 성공.
2024-12-12 12:00:02,325 - INFO - Informix에서 데이터 추출 중...
2024-12-12 12:00:03,026 - INFO - 데이터 추출 완료. 총 3943개의 레코드.
2024-12-12 12:00:03,026 - INFO - Truncating MySQL TbWebShip table before insert.
2024-12-12 12:00:03,065 - INFO - MySQL로 데이터 삽입 중...
2024-12-12 12:00:03,801 - INFO - MySQL에 3943개의 데이터 삽입 완료.
2024-12-12 12:00:03,843 - INFO - chain_name 업데이트 완료.
2024-12-12 12:00:03,843 - INFO - p1_price 업데이트 중...
2024-12-12 12:00:03,845 - INFO - p1_price 업데이트 완료.
2024-12-12 12:00:03,845 - INFO - p1_amount 업데이트 중...
2024-12-12 12:00:03,850 - INFO - p1_amount 업데이트 완료.
2024-12-12 12:00:03,850 - INFO - p1_tax 업데이트 중...
2024-12-12 12:00:03,868 - INFO - p1_tax 업데이트 완료.
2024-12-12 12:00:03,868 - INFO - p1_tot_amount 업데이트 중...
2024-12-12 12:00:03,873 - INFO - p1_tot_amount 업데이트 완료.
2024-12-12 12:00:03,875 - INFO - ETL 프로세스 성공적으로 완료.
2024-12-13 12:00:01,150 - INFO - ETL 프로세스 시작.
2024-12-13 12:00:01,151 - INFO - MySQL 연결 중: 175.196.7.45
2024-12-13 12:00:01,177 - INFO - MySQL 연결 성공.
2024-12-13 12:00:01,177 - INFO - Informix 연결 중: 175.196.7.17:1526
2024-12-13 12:00:01,426 - INFO - Informix 연결 성공.
2024-12-13 12:00:01,426 - INFO - Informix에서 데이터 추출 중...
2024-12-13 12:00:02,168 - INFO - 데이터 추출 완료. 총 3943개의 레코드.
2024-12-13 12:00:02,168 - INFO - Truncating MySQL TbWebShip table before insert.
2024-12-13 12:00:02,193 - INFO - MySQL로 데이터 삽입 중...
2024-12-13 12:00:02,942 - INFO - MySQL에 3943개의 데이터 삽입 완료.
2024-12-13 12:00:02,985 - INFO - chain_name 업데이트 완료.
2024-12-13 12:00:02,985 - INFO - p1_price 업데이트 중...
2024-12-13 12:00:02,988 - INFO - p1_price 업데이트 완료.
2024-12-13 12:00:02,988 - INFO - p1_amount 업데이트 중...
2024-12-13 12:00:02,992 - INFO - p1_amount 업데이트 완료.
2024-12-13 12:00:02,992 - INFO - p1_tax 업데이트 중...
2024-12-13 12:00:03,012 - INFO - p1_tax 업데이트 완료.
2024-12-13 12:00:03,013 - INFO - p1_tot_amount 업데이트 중...
2024-12-13 12:00:03,017 - INFO - p1_tot_amount 업데이트 완료.
2024-12-13 12:00:03,019 - INFO - ETL 프로세스 성공적으로 완료.
2024-12-14 12:00:01,915 - INFO - ETL 프로세스 시작.
2024-12-14 12:00:01,915 - INFO - MySQL 연결 중: 175.196.7.45
2024-12-14 12:00:01,942 - INFO - MySQL 연결 성공.
2024-12-14 12:00:01,942 - INFO - Informix 연결 중: 175.196.7.17:1526
2024-12-14 12:00:02,202 - INFO - Informix 연결 성공.
2024-12-14 12:00:02,202 - INFO - Informix에서 데이터 추출 중...
2024-12-14 12:00:02,873 - INFO - 데이터 추출 완료. 총 3943개의 레코드.
2024-12-14 12:00:02,873 - INFO - Truncating MySQL TbWebShip table before insert.
2024-12-14 12:00:02,913 - INFO - MySQL로 데이터 삽입 중...
2024-12-14 12:00:03,877 - INFO - MySQL에 3943개의 데이터 삽입 완료.
2024-12-14 12:00:03,920 - INFO - chain_name 업데이트 완료.
2024-12-14 12:00:03,921 - INFO - p1_price 업데이트 중...
2024-12-14 12:00:03,929 - INFO - p1_price 업데이트 완료.
2024-12-14 12:00:03,929 - INFO - p1_amount 업데이트 중...
2024-12-14 12:00:03,938 - INFO - p1_amount 업데이트 완료.
2024-12-14 12:00:03,938 - INFO - p1_tax 업데이트 중...
2024-12-14 12:00:03,963 - INFO - p1_tax 업데이트 완료.
2024-12-14 12:00:03,963 - INFO - p1_tot_amount 업데이트 중...
2024-12-14 12:00:03,967 - INFO - p1_tot_amount 업데이트 완료.
2024-12-14 12:00:03,969 - INFO - ETL 프로세스 성공적으로 완료.
2024-12-15 12:00:01,780 - INFO - ETL 프로세스 시작.
2024-12-15 12:00:01,780 - INFO - MySQL 연결 중: 175.196.7.45
2024-12-15 12:00:01,807 - INFO - MySQL 연결 성공.
2024-12-15 12:00:01,807 - INFO - Informix 연결 중: 175.196.7.17:1526
2024-12-15 12:00:02,068 - INFO - Informix 연결 성공.
2024-12-15 12:00:02,068 - INFO - Informix에서 데이터 추출 중...
2024-12-15 12:00:02,728 - INFO - 데이터 추출 완료. 총 3943개의 레코드.
2024-12-15 12:00:02,728 - INFO - Truncating MySQL TbWebShip table before insert.
2024-12-15 12:00:02,760 - INFO - MySQL로 데이터 삽입 중...
2024-12-15 12:00:03,448 - INFO - MySQL에 3943개의 데이터 삽입 완료.
2024-12-15 12:00:03,491 - INFO - chain_name 업데이트 완료.
2024-12-15 12:00:03,491 - INFO - p1_price 업데이트 중...
2024-12-15 12:00:03,494 - INFO - p1_price 업데이트 완료.
2024-12-15 12:00:03,494 - INFO - p1_amount 업데이트 중...
2024-12-15 12:00:03,498 - INFO - p1_amount 업데이트 완료.
2024-12-15 12:00:03,498 - INFO - p1_tax 업데이트 중...
2024-12-15 12:00:03,518 - INFO - p1_tax 업데이트 완료.
2024-12-15 12:00:03,518 - INFO - p1_tot_amount 업데이트 중...
2024-12-15 12:00:03,522 - INFO - p1_tot_amount 업데이트 완료.
2024-12-15 12:00:03,525 - INFO - ETL 프로세스 성공적으로 완료.
2024-12-16 12:00:01,245 - INFO - ETL 프로세스 시작.
2024-12-16 12:00:01,245 - INFO - MySQL 연결 중: 175.196.7.45
2024-12-16 12:00:01,271 - INFO - MySQL 연결 성공.
2024-12-16 12:00:01,271 - INFO - Informix 연결 중: 175.196.7.17:1526
2024-12-16 12:00:01,531 - INFO - Informix 연결 성공.
2024-12-16 12:00:01,531 - INFO - Informix에서 데이터 추출 중...
2024-12-16 12:00:02,233 - INFO - 데이터 추출 완료. 총 3943개의 레코드.
2024-12-16 12:00:02,233 - INFO - Truncating MySQL TbWebShip table before insert.
2024-12-16 12:00:02,266 - INFO - MySQL로 데이터 삽입 중...
2024-12-16 12:00:03,213 - INFO - MySQL에 3943개의 데이터 삽입 완료.
2024-12-16 12:00:03,257 - INFO - chain_name 업데이트 완료.
2024-12-16 12:00:03,257 - INFO - p1_price 업데이트 중...
2024-12-16 12:00:03,260 - INFO - p1_price 업데이트 완료.
2024-12-16 12:00:03,260 - INFO - p1_amount 업데이트 중...
2024-12-16 12:00:03,264 - INFO - p1_amount 업데이트 완료.
2024-12-16 12:00:03,264 - INFO - p1_tax 업데이트 중...
2024-12-16 12:00:03,284 - INFO - p1_tax 업데이트 완료.
2024-12-16 12:00:03,284 - INFO - p1_tot_amount 업데이트 중...
2024-12-16 12:00:03,288 - INFO - p1_tot_amount 업데이트 완료.
2024-12-16 12:00:03,290 - INFO - ETL 프로세스 성공적으로 완료.
2024-12-17 12:00:01,886 - INFO - ETL 프로세스 시작.
2024-12-17 12:00:01,886 - INFO - MySQL 연결 중: 175.196.7.45
2024-12-17 12:00:01,913 - INFO - MySQL 연결 성공.
2024-12-17 12:00:01,913 - INFO - Informix 연결 중: 175.196.7.17:1526
2024-12-17 12:00:02,179 - INFO - Informix 연결 성공.
2024-12-17 12:00:02,179 - INFO - Informix에서 데이터 추출 중...
2024-12-17 12:00:02,941 - INFO - 데이터 추출 완료. 총 3943개의 레코드.
2024-12-17 12:00:02,941 - INFO - Truncating MySQL TbWebShip table before insert.
2024-12-17 12:00:02,980 - INFO - MySQL로 데이터 삽입 중...
2024-12-17 12:00:03,939 - INFO - MySQL에 3943개의 데이터 삽입 완료.
2024-12-17 12:00:03,984 - INFO - chain_name 업데이트 완료.
2024-12-17 12:00:03,984 - INFO - p1_price 업데이트 중...
2024-12-17 12:00:03,986 - INFO - p1_price 업데이트 완료.
2024-12-17 12:00:03,986 - INFO - p1_amount 업데이트 중...
2024-12-17 12:00:03,991 - INFO - p1_amount 업데이트 완료.
2024-12-17 12:00:03,991 - INFO - p1_tax 업데이트 중...
2024-12-17 12:00:04,010 - INFO - p1_tax 업데이트 완료.
2024-12-17 12:00:04,010 - INFO - p1_tot_amount 업데이트 중...
2024-12-17 12:00:04,015 - INFO - p1_tot_amount 업데이트 완료.
2024-12-17 12:00:04,017 - INFO - ETL 프로세스 성공적으로 완료.
2024-12-18 12:00:01,250 - INFO - ETL 프로세스 시작.
2024-12-18 12:00:01,250 - INFO - MySQL 연결 중: 175.196.7.45
2024-12-18 12:00:01,276 - INFO - MySQL 연결 성공.
2024-12-18 12:00:01,276 - INFO - Informix 연결 중: 175.196.7.17:1526
2024-12-18 12:00:01,540 - INFO - Informix 연결 성공.
2024-12-18 12:00:01,540 - INFO - Informix에서 데이터 추출 중...
2024-12-18 12:00:02,287 - INFO - 데이터 추출 완료. 총 3943개의 레코드.
2024-12-18 12:00:02,287 - INFO - Truncating MySQL TbWebShip table before insert.
2024-12-18 12:00:02,317 - INFO - MySQL로 데이터 삽입 중...
2024-12-18 12:00:03,628 - INFO - MySQL에 3943개의 데이터 삽입 완료.
2024-12-18 12:00:03,671 - INFO - chain_name 업데이트 완료.
2024-12-18 12:00:03,671 - INFO - p1_price 업데이트 중...
2024-12-18 12:00:03,674 - INFO - p1_price 업데이트 완료.
2024-12-18 12:00:03,674 - INFO - p1_amount 업데이트 중...
2024-12-18 12:00:03,678 - INFO - p1_amount 업데이트 완료.
2024-12-18 12:00:03,678 - INFO - p1_tax 업데이트 중...
2024-12-18 12:00:03,698 - INFO - p1_tax 업데이트 완료.
2024-12-18 12:00:03,698 - INFO - p1_tot_amount 업데이트 중...
2024-12-18 12:00:03,702 - INFO - p1_tot_amount 업데이트 완료.
2024-12-18 12:00:03,704 - INFO - ETL 프로세스 성공적으로 완료.
