2024-11-22 12:00:01,754 - INFO - ETL 프로세스 시작.
2024-11-22 12:00:01,754 - INFO - MySQL 연결 중: 175.196.7.45
2024-11-22 12:00:01,781 - INFO - MySQL 연결 성공.
2024-11-22 12:00:01,781 - INFO - Informix 연결 중: 175.196.7.17:1526
2024-11-22 12:00:02,044 - INFO - Informix 연결 성공.
2024-11-22 12:00:02,044 - INFO - Informix에서 데이터 추출 중...
2024-11-22 12:00:02,787 - INFO - 데이터 추출 완료. 총 3416개의 레코드.
2024-11-22 12:00:02,787 - INFO - Truncating MySQL TbWebShip table before insert.
2024-11-22 12:00:02,812 - INFO - MySQL로 데이터 삽입 중...
2024-11-22 12:00:03,319 - INFO - MySQL에 3416개의 데이터 삽입 완료.
2024-11-22 12:00:03,356 - INFO - chain_name 업데이트 완료.
2024-11-22 12:00:03,356 - INFO - p1_price 업데이트 중...
2024-11-22 12:00:04,278 - INFO - p1_price 업데이트 완료.
2024-11-22 12:00:04,278 - INFO - p1_amount 업데이트 중...
2024-11-22 12:00:04,319 - INFO - p1_amount 업데이트 완료.
2024-11-22 12:00:04,319 - INFO - p1_tax 업데이트 중...
2024-11-22 12:00:04,364 - INFO - p1_tax 업데이트 완료.
2024-11-22 12:00:04,364 - INFO - p1_tot_amount 업데이트 중...
2024-11-22 12:00:04,411 - INFO - p1_tot_amount 업데이트 완료.
2024-11-22 12:00:04,413 - INFO - ETL 프로세스 성공적으로 완료.
