2024-12-07 12:00:01,170 - INFO - ETL 프로세스 시작.
2024-12-07 12:00:01,170 - INFO - MySQL 연결 중: 175.196.7.45
2024-12-07 12:00:01,198 - INFO - MySQL 연결 성공.
2024-12-07 12:00:01,198 - INFO - Informix 연결 중: 175.196.7.17:1526
2024-12-07 12:00:01,467 - INFO - Informix 연결 성공.
2024-12-07 12:00:01,467 - INFO - Informix에서 데이터 추출 중...
2024-12-07 12:00:02,315 - INFO - 데이터 추출 완료. 총 3943개의 레코드.
2024-12-07 12:00:02,315 - INFO - Truncating MySQL TbWebShip table before insert.
2024-12-07 12:00:02,351 - INFO - MySQL로 데이터 삽입 중...
2024-12-07 12:00:03,210 - INFO - MySQL에 3943개의 데이터 삽입 완료.
2024-12-07 12:00:03,254 - INFO - chain_name 업데이트 완료.
2024-12-07 12:00:03,254 - INFO - p1_price 업데이트 중...
2024-12-07 12:00:03,257 - INFO - p1_price 업데이트 완료.
2024-12-07 12:00:03,257 - INFO - p1_amount 업데이트 중...
2024-12-07 12:00:03,261 - INFO - p1_amount 업데이트 완료.
2024-12-07 12:00:03,261 - INFO - p1_tax 업데이트 중...
2024-12-07 12:00:03,280 - INFO - p1_tax 업데이트 완료.
2024-12-07 12:00:03,280 - INFO - p1_tot_amount 업데이트 중...
2024-12-07 12:00:03,285 - INFO - p1_tot_amount 업데이트 완료.
2024-12-07 12:00:03,287 - INFO - ETL 프로세스 성공적으로 완료.
