2024-11-26 12:00:02,047 - INFO - ETL 프로세스 시작.
2024-11-26 12:00:02,047 - INFO - MySQL 연결 중: 175.196.7.45
2024-11-26 12:00:02,074 - INFO - MySQL 연결 성공.
2024-11-26 12:00:02,074 - INFO - Informix 연결 중: 175.196.7.17:1526
2024-11-26 12:00:02,333 - INFO - Informix 연결 성공.
2024-11-26 12:00:02,333 - INFO - Informix에서 데이터 추출 중...
2024-11-26 12:00:03,018 - INFO - 데이터 추출 완료. 총 3625개의 레코드.
2024-11-26 12:00:03,018 - INFO - Truncating MySQL TbWebShip table before insert.
2024-11-26 12:00:03,051 - INFO - MySQL로 데이터 삽입 중...
2024-11-26 12:00:03,818 - INFO - MySQL에 3625개의 데이터 삽입 완료.
2024-11-26 12:00:03,860 - INFO - chain_name 업데이트 완료.
2024-11-26 12:00:03,860 - INFO - p1_price 업데이트 중...
2024-11-26 12:00:04,838 - INFO - p1_price 업데이트 완료.
2024-11-26 12:00:04,838 - INFO - p1_amount 업데이트 중...
2024-11-26 12:00:04,883 - INFO - p1_amount 업데이트 완료.
2024-11-26 12:00:04,883 - INFO - p1_tax 업데이트 중...
2024-11-26 12:00:04,932 - INFO - p1_tax 업데이트 완료.
2024-11-26 12:00:04,933 - INFO - p1_tot_amount 업데이트 중...
2024-11-26 12:00:04,981 - INFO - p1_tot_amount 업데이트 완료.
2024-11-26 12:00:04,983 - INFO - ETL 프로세스 성공적으로 완료.
