2024-12-18 12:00:01,250 - INFO - ETL 프로세스 시작.
2024-12-18 12:00:01,250 - INFO - MySQL 연결 중: 175.196.7.45
2024-12-18 12:00:01,276 - INFO - MySQL 연결 성공.
2024-12-18 12:00:01,276 - INFO - Informix 연결 중: 175.196.7.17:1526
2024-12-18 12:00:01,540 - INFO - Informix 연결 성공.
2024-12-18 12:00:01,540 - INFO - Informix에서 데이터 추출 중...
2024-12-18 12:00:02,287 - INFO - 데이터 추출 완료. 총 3943개의 레코드.
2024-12-18 12:00:02,287 - INFO - Truncating MySQL TbWebShip table before insert.
2024-12-18 12:00:02,317 - INFO - MySQL로 데이터 삽입 중...
2024-12-18 12:00:03,628 - INFO - MySQL에 3943개의 데이터 삽입 완료.
2024-12-18 12:00:03,671 - INFO - chain_name 업데이트 완료.
2024-12-18 12:00:03,671 - INFO - p1_price 업데이트 중...
2024-12-18 12:00:03,674 - INFO - p1_price 업데이트 완료.
2024-12-18 12:00:03,674 - INFO - p1_amount 업데이트 중...
2024-12-18 12:00:03,678 - INFO - p1_amount 업데이트 완료.
2024-12-18 12:00:03,678 - INFO - p1_tax 업데이트 중...
2024-12-18 12:00:03,698 - INFO - p1_tax 업데이트 완료.
2024-12-18 12:00:03,698 - INFO - p1_tot_amount 업데이트 중...
2024-12-18 12:00:03,702 - INFO - p1_tot_amount 업데이트 완료.
2024-12-18 12:00:03,704 - INFO - ETL 프로세스 성공적으로 완료.
