2024-11-13 12:00:01,265 - INFO - ETL 프로세스 시작.
2024-11-13 12:00:01,265 - INFO - MySQL 연결 중: 175.196.7.45
2024-11-13 12:00:01,292 - INFO - MySQL 연결 성공.
2024-11-13 12:00:01,292 - INFO - Informix 연결 중: 175.196.7.17:1526
2024-11-13 12:00:01,554 - INFO - Informix 연결 성공.
2024-11-13 12:00:01,554 - INFO - Informix에서 데이터 추출 중...
2024-11-13 12:00:02,408 - INFO - 데이터 추출 완료. 총 2883개의 레코드.
2024-11-13 12:00:02,408 - INFO - Truncating MySQL TbWebShip table before insert.
2024-11-13 12:00:02,439 - INFO - MySQL로 데이터 삽입 중...
2024-11-13 12:00:03,229 - INFO - MySQL에 2883개의 데이터 삽입 완료.
2024-11-13 12:00:03,264 - INFO - chain_name 업데이트 완료.
2024-11-13 12:00:03,264 - INFO - p1_price 업데이트 중...
2024-11-13 12:00:03,941 - INFO - p1_price 업데이트 완료.
2024-11-13 12:00:03,941 - INFO - p1_amount 업데이트 중...
2024-11-13 12:00:03,980 - INFO - p1_amount 업데이트 완료.
2024-11-13 12:00:03,981 - INFO - p1_tax 업데이트 중...
2024-11-13 12:00:04,034 - INFO - p1_tax 업데이트 완료.
2024-11-13 12:00:04,034 - INFO - p1_tot_amount 업데이트 중...
2024-11-13 12:00:04,075 - INFO - p1_tot_amount 업데이트 완료.
2024-11-13 12:00:04,077 - INFO - ETL 프로세스 성공적으로 완료.
