2024-11-14 12:00:01,752 - INFO - ETL 프로세스 시작.
2024-11-14 12:00:01,752 - INFO - MySQL 연결 중: 175.196.7.45
2024-11-14 12:00:01,822 - INFO - MySQL 연결 성공.
2024-11-14 12:00:01,822 - INFO - Informix 연결 중: 175.196.7.17:1526
2024-11-14 12:00:02,102 - INFO - Informix 연결 성공.
2024-11-14 12:00:02,102 - INFO - Informix에서 데이터 추출 중...
2024-11-14 12:00:02,646 - INFO - 데이터 추출 완료. 총 2941개의 레코드.
2024-11-14 12:00:02,646 - INFO - Truncating MySQL TbWebShip table before insert.
2024-11-14 12:00:02,669 - INFO - MySQL로 데이터 삽입 중...
2024-11-14 12:00:03,399 - INFO - MySQL에 2941개의 데이터 삽입 완료.
2024-11-14 12:00:03,451 - INFO - chain_name 업데이트 완료.
2024-11-14 12:00:03,452 - INFO - p1_price 업데이트 중...
2024-11-14 12:00:04,179 - INFO - p1_price 업데이트 완료.
2024-11-14 12:00:04,179 - INFO - p1_amount 업데이트 중...
2024-11-14 12:00:04,215 - INFO - p1_amount 업데이트 완료.
2024-11-14 12:00:04,215 - INFO - p1_tax 업데이트 중...
2024-11-14 12:00:04,254 - INFO - p1_tax 업데이트 완료.
2024-11-14 12:00:04,255 - INFO - p1_tot_amount 업데이트 중...
2024-11-14 12:00:04,296 - INFO - p1_tot_amount 업데이트 완료.
2024-11-14 12:00:04,300 - INFO - ETL 프로세스 성공적으로 완료.
