2024-12-12 12:00:02,038 - INFO - ETL 프로세스 시작.
2024-12-12 12:00:02,038 - INFO - MySQL 연결 중: 175.196.7.45
2024-12-12 12:00:02,065 - INFO - MySQL 연결 성공.
2024-12-12 12:00:02,065 - INFO - Informix 연결 중: 175.196.7.17:1526
2024-12-12 12:00:02,325 - INFO - Informix 연결 성공.
2024-12-12 12:00:02,325 - INFO - Informix에서 데이터 추출 중...
2024-12-12 12:00:03,026 - INFO - 데이터 추출 완료. 총 3943개의 레코드.
2024-12-12 12:00:03,026 - INFO - Truncating MySQL TbWebShip table before insert.
2024-12-12 12:00:03,065 - INFO - MySQL로 데이터 삽입 중...
2024-12-12 12:00:03,801 - INFO - MySQL에 3943개의 데이터 삽입 완료.
2024-12-12 12:00:03,843 - INFO - chain_name 업데이트 완료.
2024-12-12 12:00:03,843 - INFO - p1_price 업데이트 중...
2024-12-12 12:00:03,845 - INFO - p1_price 업데이트 완료.
2024-12-12 12:00:03,845 - INFO - p1_amount 업데이트 중...
2024-12-12 12:00:03,850 - INFO - p1_amount 업데이트 완료.
2024-12-12 12:00:03,850 - INFO - p1_tax 업데이트 중...
2024-12-12 12:00:03,868 - INFO - p1_tax 업데이트 완료.
2024-12-12 12:00:03,868 - INFO - p1_tot_amount 업데이트 중...
2024-12-12 12:00:03,873 - INFO - p1_tot_amount 업데이트 완료.
2024-12-12 12:00:03,875 - INFO - ETL 프로세스 성공적으로 완료.
