2024-12-08 12:00:01,855 - INFO - ETL 프로세스 시작.
2024-12-08 12:00:01,855 - INFO - MySQL 연결 중: 175.196.7.45
2024-12-08 12:00:01,882 - INFO - MySQL 연결 성공.
2024-12-08 12:00:01,882 - INFO - Informix 연결 중: 175.196.7.17:1526
2024-12-08 12:00:02,160 - INFO - Informix 연결 성공.
2024-12-08 12:00:02,160 - INFO - Informix에서 데이터 추출 중...
2024-12-08 12:00:02,866 - INFO - 데이터 추출 완료. 총 3943개의 레코드.
2024-12-08 12:00:02,866 - INFO - Truncating MySQL TbWebShip table before insert.
2024-12-08 12:00:02,899 - INFO - MySQL로 데이터 삽입 중...
2024-12-08 12:00:03,620 - INFO - MySQL에 3943개의 데이터 삽입 완료.
2024-12-08 12:00:03,663 - INFO - chain_name 업데이트 완료.
2024-12-08 12:00:03,663 - INFO - p1_price 업데이트 중...
2024-12-08 12:00:03,665 - INFO - p1_price 업데이트 완료.
2024-12-08 12:00:03,665 - INFO - p1_amount 업데이트 중...
2024-12-08 12:00:03,669 - INFO - p1_amount 업데이트 완료.
2024-12-08 12:00:03,670 - INFO - p1_tax 업데이트 중...
2024-12-08 12:00:03,689 - INFO - p1_tax 업데이트 완료.
2024-12-08 12:00:03,689 - INFO - p1_tot_amount 업데이트 중...
2024-12-08 12:00:03,693 - INFO - p1_tot_amount 업데이트 완료.
2024-12-08 12:00:03,695 - INFO - ETL 프로세스 성공적으로 완료.
