2024-11-20 12:00:02,009 - INFO - ETL 프로세스 시작.
2024-11-20 12:00:02,010 - INFO - MySQL 연결 중: 175.196.7.45
2024-11-20 12:00:02,037 - INFO - MySQL 연결 성공.
2024-11-20 12:00:02,037 - INFO - Informix 연결 중: 175.196.7.17:1526
2024-11-20 12:00:02,318 - INFO - Informix 연결 성공.
2024-11-20 12:00:02,318 - INFO - Informix에서 데이터 추출 중...
2024-11-20 12:00:03,072 - INFO - 데이터 추출 완료. 총 3289개의 레코드.
2024-11-20 12:00:03,072 - INFO - Truncating MySQL TbWebShip table before insert.
2024-11-20 12:00:03,099 - INFO - MySQL로 데이터 삽입 중...
2024-11-20 12:00:03,951 - INFO - MySQL에 3289개의 데이터 삽입 완료.
2024-11-20 12:00:03,991 - INFO - chain_name 업데이트 완료.
2024-11-20 12:00:03,991 - INFO - p1_price 업데이트 중...
2024-11-20 12:00:04,875 - INFO - p1_price 업데이트 완료.
2024-11-20 12:00:04,875 - INFO - p1_amount 업데이트 중...
2024-11-20 12:00:04,932 - INFO - p1_amount 업데이트 완료.
2024-11-20 12:00:04,932 - INFO - p1_tax 업데이트 중...
2024-11-20 12:00:04,976 - INFO - p1_tax 업데이트 완료.
2024-11-20 12:00:04,976 - INFO - p1_tot_amount 업데이트 중...
2024-11-20 12:00:05,022 - INFO - p1_tot_amount 업데이트 완료.
2024-11-20 12:00:05,024 - INFO - ETL 프로세스 성공적으로 완료.
