2024-12-02 12:00:01,672 - INFO - ETL 프로세스 시작.
2024-12-02 12:00:01,672 - INFO - MySQL 연결 중: 175.196.7.45
2024-12-02 12:00:01,699 - INFO - MySQL 연결 성공.
2024-12-02 12:00:01,699 - INFO - Informix 연결 중: 175.196.7.17:1526
2024-12-02 12:00:01,957 - INFO - Informix 연결 성공.
2024-12-02 12:00:01,957 - INFO - Informix에서 데이터 추출 중...
2024-12-02 12:00:02,718 - INFO - 데이터 추출 완료. 총 3943개의 레코드.
2024-12-02 12:00:02,718 - INFO - Truncating MySQL TbWebShip table before insert.
2024-12-02 12:00:02,747 - INFO - MySQL로 데이터 삽입 중...
2024-12-02 12:00:03,362 - INFO - MySQL에 3943개의 데이터 삽입 완료.
2024-12-02 12:00:03,405 - INFO - chain_name 업데이트 완료.
2024-12-02 12:00:03,405 - INFO - p1_price 업데이트 중...
2024-12-02 12:00:03,408 - INFO - p1_price 업데이트 완료.
2024-12-02 12:00:03,408 - INFO - p1_amount 업데이트 중...
2024-12-02 12:00:03,412 - INFO - p1_amount 업데이트 완료.
2024-12-02 12:00:03,412 - INFO - p1_tax 업데이트 중...
2024-12-02 12:00:03,432 - INFO - p1_tax 업데이트 완료.
2024-12-02 12:00:03,432 - INFO - p1_tot_amount 업데이트 중...
2024-12-02 12:00:03,436 - INFO - p1_tot_amount 업데이트 완료.
2024-12-02 12:00:03,439 - INFO - ETL 프로세스 성공적으로 완료.
