2024-12-13 12:00:01,150 - INFO - ETL 프로세스 시작.
2024-12-13 12:00:01,151 - INFO - MySQL 연결 중: 175.196.7.45
2024-12-13 12:00:01,177 - INFO - MySQL 연결 성공.
2024-12-13 12:00:01,177 - INFO - Informix 연결 중: 175.196.7.17:1526
2024-12-13 12:00:01,426 - INFO - Informix 연결 성공.
2024-12-13 12:00:01,426 - INFO - Informix에서 데이터 추출 중...
2024-12-13 12:00:02,168 - INFO - 데이터 추출 완료. 총 3943개의 레코드.
2024-12-13 12:00:02,168 - INFO - Truncating MySQL TbWebShip table before insert.
2024-12-13 12:00:02,193 - INFO - MySQL로 데이터 삽입 중...
2024-12-13 12:00:02,942 - INFO - MySQL에 3943개의 데이터 삽입 완료.
2024-12-13 12:00:02,985 - INFO - chain_name 업데이트 완료.
2024-12-13 12:00:02,985 - INFO - p1_price 업데이트 중...
2024-12-13 12:00:02,988 - INFO - p1_price 업데이트 완료.
2024-12-13 12:00:02,988 - INFO - p1_amount 업데이트 중...
2024-12-13 12:00:02,992 - INFO - p1_amount 업데이트 완료.
2024-12-13 12:00:02,992 - INFO - p1_tax 업데이트 중...
2024-12-13 12:00:03,012 - INFO - p1_tax 업데이트 완료.
2024-12-13 12:00:03,013 - INFO - p1_tot_amount 업데이트 중...
2024-12-13 12:00:03,017 - INFO - p1_tot_amount 업데이트 완료.
2024-12-13 12:00:03,019 - INFO - ETL 프로세스 성공적으로 완료.
