2024-11-18 12:00:01,610 - INFO - ETL 프로세스 시작.
2024-11-18 12:00:01,610 - INFO - MySQL 연결 중: 175.196.7.45
2024-11-18 12:00:01,636 - INFO - MySQL 연결 성공.
2024-11-18 12:00:01,636 - INFO - Informix 연결 중: 175.196.7.17:1526
2024-11-18 12:00:01,896 - INFO - Informix 연결 성공.
2024-11-18 12:00:01,896 - INFO - Informix에서 데이터 추출 중...
2024-11-18 12:00:02,472 - INFO - 데이터 추출 완료. 총 3161개의 레코드.
2024-11-18 12:00:02,472 - INFO - Truncating MySQL TbWebShip table before insert.
2024-11-18 12:00:02,499 - INFO - MySQL로 데이터 삽입 중...
2024-11-18 12:00:03,290 - INFO - MySQL에 3161개의 데이터 삽입 완료.
2024-11-18 12:00:03,352 - INFO - chain_name 업데이트 완료.
2024-11-18 12:00:03,352 - INFO - p1_price 업데이트 중...
2024-11-18 12:00:04,171 - INFO - p1_price 업데이트 완료.
2024-11-18 12:00:04,171 - INFO - p1_amount 업데이트 중...
2024-11-18 12:00:04,212 - INFO - p1_amount 업데이트 완료.
2024-11-18 12:00:04,212 - INFO - p1_tax 업데이트 중...
2024-11-18 12:00:04,255 - INFO - p1_tax 업데이트 완료.
2024-11-18 12:00:04,255 - INFO - p1_tot_amount 업데이트 중...
2024-11-18 12:00:04,298 - INFO - p1_tot_amount 업데이트 완료.
2024-11-18 12:00:04,300 - INFO - ETL 프로세스 성공적으로 완료.
