2024-11-25 12:00:01,783 - INFO - ETL 프로세스 시작.
2024-11-25 12:00:01,784 - INFO - MySQL 연결 중: 175.196.7.45
2024-11-25 12:00:01,811 - INFO - MySQL 연결 성공.
2024-11-25 12:00:01,811 - INFO - Informix 연결 중: 175.196.7.17:1526
2024-11-25 12:00:02,088 - INFO - Informix 연결 성공.
2024-11-25 12:00:02,088 - INFO - Informix에서 데이터 추출 중...
2024-11-25 12:00:02,852 - INFO - 데이터 추출 완료. 총 3591개의 레코드.
2024-11-25 12:00:02,852 - INFO - Truncating MySQL TbWebShip table before insert.
2024-11-25 12:00:02,880 - INFO - MySQL로 데이터 삽입 중...
2024-11-25 12:00:03,422 - INFO - MySQL에 3591개의 데이터 삽입 완료.
2024-11-25 12:00:03,464 - INFO - chain_name 업데이트 완료.
2024-11-25 12:00:03,464 - INFO - p1_price 업데이트 중...
2024-11-25 12:00:04,496 - INFO - p1_price 업데이트 완료.
2024-11-25 12:00:04,496 - INFO - p1_amount 업데이트 중...
2024-11-25 12:00:04,542 - INFO - p1_amount 업데이트 완료.
2024-11-25 12:00:04,542 - INFO - p1_tax 업데이트 중...
2024-11-25 12:00:04,592 - INFO - p1_tax 업데이트 완료.
2024-11-25 12:00:04,592 - INFO - p1_tot_amount 업데이트 중...
2024-11-25 12:00:04,643 - INFO - p1_tot_amount 업데이트 완료.
2024-11-25 12:00:04,645 - INFO - ETL 프로세스 성공적으로 완료.
