2024-11-11 07:50:35,808 - INFO - ETL 프로세스 시작.
2024-11-11 07:50:35,808 - INFO - MySQL 연결 중: 175.196.7.45
2024-11-11 07:50:35,834 - INFO - MySQL 연결 성공.
2024-11-11 07:50:35,834 - INFO - Informix 연결 중: 175.196.7.17:1526
2024-11-11 07:50:36,094 - INFO - Informix 연결 성공.
2024-11-11 07:50:36,094 - INFO - Informix에서 데이터 추출 중...
2024-11-11 07:50:36,378 - INFO - 데이터 추출 완료. 총 674개의 레코드.
2024-11-11 07:50:36,378 - INFO - Truncating MySQL TbWebShip table before insert.
2024-11-11 07:50:36,405 - INFO - MySQL로 데이터 삽입 중...
2024-11-11 07:50:36,507 - INFO - MySQL에 674개의 데이터 삽입 완료.
2024-11-11 07:50:36,517 - INFO - chain_name 업데이트 완료.
2024-11-11 07:50:36,517 - INFO - p1_price 업데이트 중...
2024-11-11 07:50:36,680 - INFO - p1_price 업데이트 완료.
2024-11-11 07:50:36,680 - INFO - p1_amount 업데이트 중...
2024-11-11 07:50:36,691 - INFO - p1_amount 업데이트 완료.
2024-11-11 07:50:36,691 - INFO - p1_tax 업데이트 중...
2024-11-11 07:50:36,702 - INFO - p1_tax 업데이트 완료.
2024-11-11 07:50:36,702 - INFO - p1_tot_amount 업데이트 중...
2024-11-11 07:50:36,714 - INFO - p1_tot_amount 업데이트 완료.
2024-11-11 07:50:36,717 - INFO - ETL 프로세스 성공적으로 완료.
2024-11-11 12:00:01,873 - INFO - ETL 프로세스 시작.
2024-11-11 12:00:01,873 - INFO - MySQL 연결 중: 175.196.7.45
2024-11-11 12:00:01,900 - INFO - MySQL 연결 성공.
2024-11-11 12:00:01,900 - INFO - Informix 연결 중: 175.196.7.17:1526
2024-11-11 12:00:02,181 - INFO - Informix 연결 성공.
2024-11-11 12:00:02,181 - INFO - Informix에서 데이터 추출 중...
2024-11-11 12:00:02,590 - INFO - 데이터 추출 완료. 총 674개의 레코드.
2024-11-11 12:00:02,590 - INFO - Truncating MySQL TbWebShip table before insert.
2024-11-11 12:00:02,613 - INFO - MySQL로 데이터 삽입 중...
2024-11-11 12:00:02,719 - INFO - MySQL에 674개의 데이터 삽입 완료.
2024-11-11 12:00:02,730 - INFO - chain_name 업데이트 완료.
2024-11-11 12:00:02,730 - INFO - p1_price 업데이트 중...
2024-11-11 12:00:02,887 - INFO - p1_price 업데이트 완료.
2024-11-11 12:00:02,887 - INFO - p1_amount 업데이트 중...
2024-11-11 12:00:02,897 - INFO - p1_amount 업데이트 완료.
2024-11-11 12:00:02,898 - INFO - p1_tax 업데이트 중...
2024-11-11 12:00:02,908 - INFO - p1_tax 업데이트 완료.
2024-11-11 12:00:02,908 - INFO - p1_tot_amount 업데이트 중...
2024-11-11 12:00:02,921 - INFO - p1_tot_amount 업데이트 완료.
2024-11-11 12:00:02,924 - INFO - ETL 프로세스 성공적으로 완료.
