2024-11-23 12:00:01,108 - INFO - ETL 프로세스 시작.
2024-11-23 12:00:01,108 - INFO - MySQL 연결 중: 175.196.7.45
2024-11-23 12:00:01,135 - INFO - MySQL 연결 성공.
2024-11-23 12:00:01,135 - INFO - Informix 연결 중: 175.196.7.17:1526
2024-11-23 12:00:01,420 - INFO - Informix 연결 성공.
2024-11-23 12:00:01,420 - INFO - Informix에서 데이터 추출 중...
2024-11-23 12:00:02,264 - INFO - 데이터 추출 완료. 총 3505개의 레코드.
2024-11-23 12:00:02,264 - INFO - Truncating MySQL TbWebShip table before insert.
2024-11-23 12:00:02,300 - INFO - MySQL로 데이터 삽입 중...
2024-11-23 12:00:03,027 - INFO - MySQL에 3505개의 데이터 삽입 완료.
2024-11-23 12:00:03,066 - INFO - chain_name 업데이트 완료.
2024-11-23 12:00:03,067 - INFO - p1_price 업데이트 중...
2024-11-23 12:00:04,012 - INFO - p1_price 업데이트 완료.
2024-11-23 12:00:04,012 - INFO - p1_amount 업데이트 중...
2024-11-23 12:00:04,055 - INFO - p1_amount 업데이트 완료.
2024-11-23 12:00:04,055 - INFO - p1_tax 업데이트 중...
2024-11-23 12:00:04,102 - INFO - p1_tax 업데이트 완료.
2024-11-23 12:00:04,102 - INFO - p1_tot_amount 업데이트 중...
2024-11-23 12:00:04,149 - INFO - p1_tot_amount 업데이트 완료.
2024-11-23 12:00:04,151 - INFO - ETL 프로세스 성공적으로 완료.
