2024-12-01 12:00:01,395 - INFO - ETL 프로세스 시작.
2024-12-01 12:00:01,396 - INFO - MySQL 연결 중: 175.196.7.45
2024-12-01 12:00:01,422 - INFO - MySQL 연결 성공.
2024-12-01 12:00:01,422 - INFO - Informix 연결 중: 175.196.7.17:1526
2024-12-01 12:00:01,668 - INFO - Informix 연결 성공.
2024-12-01 12:00:01,682 - INFO - Informix에서 데이터 추출 중...
2024-12-01 12:00:02,393 - INFO - 데이터 추출 완료. 총 3943개의 레코드.
2024-12-01 12:00:02,393 - INFO - Truncating MySQL TbWebShip table before insert.
2024-12-01 12:00:02,424 - INFO - MySQL로 데이터 삽입 중...
2024-12-01 12:00:03,206 - INFO - MySQL에 3943개의 데이터 삽입 완료.
2024-12-01 12:00:03,250 - INFO - chain_name 업데이트 완료.
2024-12-01 12:00:03,250 - INFO - p1_price 업데이트 중...
2024-12-01 12:00:03,252 - INFO - p1_price 업데이트 완료.
2024-12-01 12:00:03,252 - INFO - p1_amount 업데이트 중...
2024-12-01 12:00:03,257 - INFO - p1_amount 업데이트 완료.
2024-12-01 12:00:03,257 - INFO - p1_tax 업데이트 중...
2024-12-01 12:00:03,275 - INFO - p1_tax 업데이트 완료.
2024-12-01 12:00:03,276 - INFO - p1_tot_amount 업데이트 중...
2024-12-01 12:00:03,280 - INFO - p1_tot_amount 업데이트 완료.
2024-12-01 12:00:03,282 - INFO - ETL 프로세스 성공적으로 완료.
