2024-11-30 12:00:01,207 - INFO - ETL 프로세스 시작.
2024-11-30 12:00:01,207 - INFO - MySQL 연결 중: 175.196.7.45
2024-11-30 12:00:01,234 - INFO - MySQL 연결 성공.
2024-11-30 12:00:01,234 - INFO - Informix 연결 중: 175.196.7.17:1526
2024-11-30 12:00:01,498 - INFO - Informix 연결 성공.
2024-11-30 12:00:01,498 - INFO - Informix에서 데이터 추출 중...
2024-11-30 12:00:02,308 - INFO - 데이터 추출 완료. 총 3859개의 레코드.
2024-11-30 12:00:02,308 - INFO - Truncating MySQL TbWebShip table before insert.
2024-11-30 12:00:02,339 - INFO - MySQL로 데이터 삽입 중...
2024-11-30 12:00:03,113 - INFO - MySQL에 3859개의 데이터 삽입 완료.
2024-11-30 12:00:03,155 - INFO - chain_name 업데이트 완료.
2024-11-30 12:00:03,155 - INFO - p1_price 업데이트 중...
2024-11-30 12:00:04,222 - INFO - p1_price 업데이트 완료.
2024-11-30 12:00:04,222 - INFO - p1_amount 업데이트 중...
2024-11-30 12:00:04,269 - INFO - p1_amount 업데이트 완료.
2024-11-30 12:00:04,269 - INFO - p1_tax 업데이트 중...
2024-11-30 12:00:04,320 - INFO - p1_tax 업데이트 완료.
2024-11-30 12:00:04,320 - INFO - p1_tot_amount 업데이트 중...
2024-11-30 12:00:04,372 - INFO - p1_tot_amount 업데이트 완료.
2024-11-30 12:00:04,374 - INFO - ETL 프로세스 성공적으로 완료.
