2024-12-06 12:00:01,566 - INFO - ETL 프로세스 시작.
2024-12-06 12:00:01,566 - INFO - MySQL 연결 중: 175.196.7.45
2024-12-06 12:00:01,593 - INFO - MySQL 연결 성공.
2024-12-06 12:00:01,593 - INFO - Informix 연결 중: 175.196.7.17:1526
2024-12-06 12:00:01,854 - INFO - Informix 연결 성공.
2024-12-06 12:00:01,854 - INFO - Informix에서 데이터 추출 중...
2024-12-06 12:00:02,529 - INFO - 데이터 추출 완료. 총 3943개의 레코드.
2024-12-06 12:00:02,529 - INFO - Truncating MySQL TbWebShip table before insert.
2024-12-06 12:00:02,558 - INFO - MySQL로 데이터 삽입 중...
2024-12-06 12:00:03,492 - INFO - MySQL에 3943개의 데이터 삽입 완료.
2024-12-06 12:00:03,534 - INFO - chain_name 업데이트 완료.
2024-12-06 12:00:03,535 - INFO - p1_price 업데이트 중...
2024-12-06 12:00:03,537 - INFO - p1_price 업데이트 완료.
2024-12-06 12:00:03,537 - INFO - p1_amount 업데이트 중...
2024-12-06 12:00:03,541 - INFO - p1_amount 업데이트 완료.
2024-12-06 12:00:03,542 - INFO - p1_tax 업데이트 중...
2024-12-06 12:00:03,561 - INFO - p1_tax 업데이트 완료.
2024-12-06 12:00:03,561 - INFO - p1_tot_amount 업데이트 중...
2024-12-06 12:00:03,565 - INFO - p1_tot_amount 업데이트 완료.
2024-12-06 12:00:03,567 - INFO - ETL 프로세스 성공적으로 완료.
