2024-11-15 12:00:01,111 - INFO - ETL 프로세스 시작.
2024-11-15 12:00:01,111 - INFO - MySQL 연결 중: 175.196.7.45
2024-11-15 12:00:01,137 - INFO - MySQL 연결 성공.
2024-11-15 12:00:01,137 - INFO - Informix 연결 중: 175.196.7.17:1526
2024-11-15 12:00:01,399 - INFO - Informix 연결 성공.
2024-11-15 12:00:01,399 - INFO - Informix에서 데이터 추출 중...
2024-11-15 12:00:02,335 - INFO - 데이터 추출 완료. 총 3010개의 레코드.
2024-11-15 12:00:02,336 - INFO - Truncating MySQL TbWebShip table before insert.
2024-11-15 12:00:02,361 - INFO - MySQL로 데이터 삽입 중...
2024-11-15 12:00:02,792 - INFO - MySQL에 3010개의 데이터 삽입 완료.
2024-11-15 12:00:02,825 - INFO - chain_name 업데이트 완료.
2024-11-15 12:00:02,825 - INFO - p1_price 업데이트 중...
2024-11-15 12:00:03,599 - INFO - p1_price 업데이트 완료.
2024-11-15 12:00:03,599 - INFO - p1_amount 업데이트 중...
2024-11-15 12:00:03,639 - INFO - p1_amount 업데이트 완료.
2024-11-15 12:00:03,639 - INFO - p1_tax 업데이트 중...
2024-11-15 12:00:03,680 - INFO - p1_tax 업데이트 완료.
2024-11-15 12:00:03,681 - INFO - p1_tot_amount 업데이트 중...
2024-11-15 12:00:03,723 - INFO - p1_tot_amount 업데이트 완료.
2024-11-15 12:00:03,726 - INFO - ETL 프로세스 성공적으로 완료.
