2024-11-27 12:00:01,868 - INFO - ETL 프로세스 시작.
2024-11-27 12:00:01,868 - INFO - MySQL 연결 중: 175.196.7.45
2024-11-27 12:00:01,895 - INFO - MySQL 연결 성공.
2024-11-27 12:00:01,895 - INFO - Informix 연결 중: 175.196.7.17:1526
2024-11-27 12:00:02,159 - INFO - Informix 연결 성공.
2024-11-27 12:00:02,159 - INFO - Informix에서 데이터 추출 중...
2024-11-27 12:00:02,974 - INFO - 데이터 추출 완료. 총 3691개의 레코드.
2024-11-27 12:00:02,974 - INFO - Truncating MySQL TbWebShip table before insert.
2024-11-27 12:00:03,012 - INFO - MySQL로 데이터 삽입 중...
2024-11-27 12:00:03,769 - INFO - MySQL에 3691개의 데이터 삽입 완료.
2024-11-27 12:00:03,810 - INFO - chain_name 업데이트 완료.
2024-11-27 12:00:03,810 - INFO - p1_price 업데이트 중...
2024-11-27 12:00:04,818 - INFO - p1_price 업데이트 완료.
2024-11-27 12:00:04,818 - INFO - p1_amount 업데이트 중...
2024-11-27 12:00:04,864 - INFO - p1_amount 업데이트 완료.
2024-11-27 12:00:04,864 - INFO - p1_tax 업데이트 중...
2024-11-27 12:00:04,913 - INFO - p1_tax 업데이트 완료.
2024-11-27 12:00:04,913 - INFO - p1_tot_amount 업데이트 중...
2024-11-27 12:00:04,976 - INFO - p1_tot_amount 업데이트 완료.
2024-11-27 12:00:04,981 - INFO - ETL 프로세스 성공적으로 완료.
