2024-11-29 12:00:01,117 - INFO - ETL 프로세스 시작.
2024-11-29 12:00:01,117 - INFO - MySQL 연결 중: 175.196.7.45
2024-11-29 12:00:01,144 - INFO - MySQL 연결 성공.
2024-11-29 12:00:01,144 - INFO - Informix 연결 중: 175.196.7.17:1526
2024-11-29 12:00:01,411 - INFO - Informix 연결 성공.
2024-11-29 12:00:01,424 - INFO - Informix에서 데이터 추출 중...
2024-11-29 12:00:02,452 - INFO - 데이터 추출 완료. 총 3798개의 레코드.
2024-11-29 12:00:02,452 - INFO - Truncating MySQL TbWebShip table before insert.
2024-11-29 12:00:02,483 - INFO - MySQL로 데이터 삽입 중...
2024-11-29 12:00:03,495 - INFO - MySQL에 3798개의 데이터 삽입 완료.
2024-11-29 12:00:03,536 - INFO - chain_name 업데이트 완료.
2024-11-29 12:00:03,536 - INFO - p1_price 업데이트 중...
2024-11-29 12:00:04,580 - INFO - p1_price 업데이트 완료.
2024-11-29 12:00:04,580 - INFO - p1_amount 업데이트 중...
2024-11-29 12:00:04,629 - INFO - p1_amount 업데이트 완료.
2024-11-29 12:00:04,630 - INFO - p1_tax 업데이트 중...
2024-11-29 12:00:04,695 - INFO - p1_tax 업데이트 완료.
2024-11-29 12:00:04,696 - INFO - p1_tot_amount 업데이트 중...
2024-11-29 12:00:04,747 - INFO - p1_tot_amount 업데이트 완료.
2024-11-29 12:00:04,749 - INFO - ETL 프로세스 성공적으로 완료.
