2024-11-19 12:00:01,533 - INFO - ETL 프로세스 시작.
2024-11-19 12:00:01,533 - INFO - MySQL 연결 중: 175.196.7.45
2024-11-19 12:00:01,560 - INFO - MySQL 연결 성공.
2024-11-19 12:00:01,560 - INFO - Informix 연결 중: 175.196.7.17:1526
2024-11-19 12:00:01,822 - INFO - Informix 연결 성공.
2024-11-19 12:00:01,822 - INFO - Informix에서 데이터 추출 중...
2024-11-19 12:00:02,516 - INFO - 데이터 추출 완료. 총 3240개의 레코드.
2024-11-19 12:00:02,516 - INFO - Truncating MySQL TbWebShip table before insert.
2024-11-19 12:00:02,544 - INFO - MySQL로 데이터 삽입 중...
2024-11-19 12:00:03,056 - INFO - MySQL에 3240개의 데이터 삽입 완료.
2024-11-19 12:00:03,091 - INFO - chain_name 업데이트 완료.
2024-11-19 12:00:03,092 - INFO - p1_price 업데이트 중...
2024-11-19 12:00:03,948 - INFO - p1_price 업데이트 완료.
2024-11-19 12:00:03,948 - INFO - p1_amount 업데이트 중...
2024-11-19 12:00:04,011 - INFO - p1_amount 업데이트 완료.
2024-11-19 12:00:04,011 - INFO - p1_tax 업데이트 중...
2024-11-19 12:00:04,054 - INFO - p1_tax 업데이트 완료.
2024-11-19 12:00:04,054 - INFO - p1_tot_amount 업데이트 중...
2024-11-19 12:00:04,098 - INFO - p1_tot_amount 업데이트 완료.
2024-11-19 12:00:04,100 - INFO - ETL 프로세스 성공적으로 완료.
