2024-12-03 12:00:02,006 - INFO - ETL 프로세스 시작.
2024-12-03 12:00:02,006 - INFO - MySQL 연결 중: 175.196.7.45
2024-12-03 12:00:02,033 - INFO - MySQL 연결 성공.
2024-12-03 12:00:02,033 - INFO - Informix 연결 중: 175.196.7.17:1526
2024-12-03 12:00:02,291 - INFO - Informix 연결 성공.
2024-12-03 12:00:02,291 - INFO - Informix에서 데이터 추출 중...
2024-12-03 12:00:02,937 - INFO - 데이터 추출 완료. 총 3943개의 레코드.
2024-12-03 12:00:02,937 - INFO - Truncating MySQL TbWebShip table before insert.
2024-12-03 12:00:02,971 - INFO - MySQL로 데이터 삽입 중...
2024-12-03 12:00:03,577 - INFO - MySQL에 3943개의 데이터 삽입 완료.
2024-12-03 12:00:03,622 - INFO - chain_name 업데이트 완료.
2024-12-03 12:00:03,622 - INFO - p1_price 업데이트 중...
2024-12-03 12:00:03,625 - INFO - p1_price 업데이트 완료.
2024-12-03 12:00:03,625 - INFO - p1_amount 업데이트 중...
2024-12-03 12:00:03,629 - INFO - p1_amount 업데이트 완료.
2024-12-03 12:00:03,629 - INFO - p1_tax 업데이트 중...
2024-12-03 12:00:03,648 - INFO - p1_tax 업데이트 완료.
2024-12-03 12:00:03,649 - INFO - p1_tot_amount 업데이트 중...
2024-12-03 12:00:03,653 - INFO - p1_tot_amount 업데이트 완료.
2024-12-03 12:00:03,655 - INFO - ETL 프로세스 성공적으로 완료.
