2024-11-21 12:00:01,695 - INFO - ETL 프로세스 시작.
2024-11-21 12:00:01,695 - INFO - MySQL 연결 중: 175.196.7.45
2024-11-21 12:00:01,722 - INFO - MySQL 연결 성공.
2024-11-21 12:00:01,722 - INFO - Informix 연결 중: 175.196.7.17:1526
2024-11-21 12:00:01,972 - INFO - Informix 연결 성공.
2024-11-21 12:00:01,986 - INFO - Informix에서 데이터 추출 중...
2024-11-21 12:00:02,663 - INFO - 데이터 추출 완료. 총 3354개의 레코드.
2024-11-21 12:00:02,663 - INFO - Truncating MySQL TbWebShip table before insert.
2024-11-21 12:00:02,690 - INFO - MySQL로 데이터 삽입 중...
2024-11-21 12:00:03,523 - INFO - MySQL에 3354개의 데이터 삽입 완료.
2024-11-21 12:00:03,589 - INFO - chain_name 업데이트 완료.
2024-11-21 12:00:03,589 - INFO - p1_price 업데이트 중...
2024-11-21 12:00:04,488 - INFO - p1_price 업데이트 완료.
2024-11-21 12:00:04,489 - INFO - p1_amount 업데이트 중...
2024-11-21 12:00:04,530 - INFO - p1_amount 업데이트 완료.
2024-11-21 12:00:04,530 - INFO - p1_tax 업데이트 중...
2024-11-21 12:00:04,574 - INFO - p1_tax 업데이트 완료.
2024-11-21 12:00:04,574 - INFO - p1_tot_amount 업데이트 중...
2024-11-21 12:00:04,623 - INFO - p1_tot_amount 업데이트 완료.
2024-11-21 12:00:04,626 - INFO - ETL 프로세스 성공적으로 완료.
