2024-11-16 12:00:01,914 - INFO - ETL 프로세스 시작.
2024-11-16 12:00:01,914 - INFO - MySQL 연결 중: 175.196.7.45
2024-11-16 12:00:01,941 - INFO - MySQL 연결 성공.
2024-11-16 12:00:01,941 - INFO - Informix 연결 중: 175.196.7.17:1526
2024-11-16 12:00:02,219 - INFO - Informix 연결 성공.
2024-11-16 12:00:02,219 - INFO - Informix에서 데이터 추출 중...
2024-11-16 12:00:03,325 - INFO - 데이터 추출 완료. 총 3058개의 레코드.
2024-11-16 12:00:03,325 - INFO - Truncating MySQL TbWebShip table before insert.
2024-11-16 12:00:03,358 - INFO - MySQL로 데이터 삽입 중...
2024-11-16 12:00:04,122 - INFO - MySQL에 3058개의 데이터 삽입 완료.
2024-11-16 12:00:04,170 - INFO - chain_name 업데이트 완료.
2024-11-16 12:00:04,170 - INFO - p1_price 업데이트 중...
2024-11-16 12:00:04,959 - INFO - p1_price 업데이트 완료.
2024-11-16 12:00:04,960 - INFO - p1_amount 업데이트 중...
2024-11-16 12:00:05,013 - INFO - p1_amount 업데이트 완료.
2024-11-16 12:00:05,013 - INFO - p1_tax 업데이트 중...
2024-11-16 12:00:05,053 - INFO - p1_tax 업데이트 완료.
2024-11-16 12:00:05,053 - INFO - p1_tot_amount 업데이트 중...
2024-11-16 12:00:05,094 - INFO - p1_tot_amount 업데이트 완료.
2024-11-16 12:00:05,096 - INFO - ETL 프로세스 성공적으로 완료.
