2024-11-24 12:00:01,592 - INFO - ETL 프로세스 시작.
2024-11-24 12:00:01,592 - INFO - MySQL 연결 중: 175.196.7.45
2024-11-24 12:00:01,619 - INFO - MySQL 연결 성공.
2024-11-24 12:00:01,619 - INFO - Informix 연결 중: 175.196.7.17:1526
2024-11-24 12:00:01,885 - INFO - Informix 연결 성공.
2024-11-24 12:00:01,885 - INFO - Informix에서 데이터 추출 중...
2024-11-24 12:00:02,523 - INFO - 데이터 추출 완료. 총 3591개의 레코드.
2024-11-24 12:00:02,523 - INFO - Truncating MySQL TbWebShip table before insert.
2024-11-24 12:00:02,555 - INFO - MySQL로 데이터 삽입 중...
2024-11-24 12:00:03,441 - INFO - MySQL에 3591개의 데이터 삽입 완료.
2024-11-24 12:00:03,511 - INFO - chain_name 업데이트 완료.
2024-11-24 12:00:03,511 - INFO - p1_price 업데이트 중...
2024-11-24 12:00:04,486 - INFO - p1_price 업데이트 완료.
2024-11-24 12:00:04,486 - INFO - p1_amount 업데이트 중...
2024-11-24 12:00:04,532 - INFO - p1_amount 업데이트 완료.
2024-11-24 12:00:04,532 - INFO - p1_tax 업데이트 중...
2024-11-24 12:00:04,580 - INFO - p1_tax 업데이트 완료.
2024-11-24 12:00:04,580 - INFO - p1_tot_amount 업데이트 중...
2024-11-24 12:00:04,628 - INFO - p1_tot_amount 업데이트 완료.
2024-11-24 12:00:04,631 - INFO - ETL 프로세스 성공적으로 완료.
