2024-12-15 12:00:01,780 - INFO - ETL 프로세스 시작.
2024-12-15 12:00:01,780 - INFO - MySQL 연결 중: 175.196.7.45
2024-12-15 12:00:01,807 - INFO - MySQL 연결 성공.
2024-12-15 12:00:01,807 - INFO - Informix 연결 중: 175.196.7.17:1526
2024-12-15 12:00:02,068 - INFO - Informix 연결 성공.
2024-12-15 12:00:02,068 - INFO - Informix에서 데이터 추출 중...
2024-12-15 12:00:02,728 - INFO - 데이터 추출 완료. 총 3943개의 레코드.
2024-12-15 12:00:02,728 - INFO - Truncating MySQL TbWebShip table before insert.
2024-12-15 12:00:02,760 - INFO - MySQL로 데이터 삽입 중...
2024-12-15 12:00:03,448 - INFO - MySQL에 3943개의 데이터 삽입 완료.
2024-12-15 12:00:03,491 - INFO - chain_name 업데이트 완료.
2024-12-15 12:00:03,491 - INFO - p1_price 업데이트 중...
2024-12-15 12:00:03,494 - INFO - p1_price 업데이트 완료.
2024-12-15 12:00:03,494 - INFO - p1_amount 업데이트 중...
2024-12-15 12:00:03,498 - INFO - p1_amount 업데이트 완료.
2024-12-15 12:00:03,498 - INFO - p1_tax 업데이트 중...
2024-12-15 12:00:03,518 - INFO - p1_tax 업데이트 완료.
2024-12-15 12:00:03,518 - INFO - p1_tot_amount 업데이트 중...
2024-12-15 12:00:03,522 - INFO - p1_tot_amount 업데이트 완료.
2024-12-15 12:00:03,525 - INFO - ETL 프로세스 성공적으로 완료.
