2024-11-12 08:19:14,676 - INFO - ETL 프로세스 시작.
2024-11-12 08:19:14,676 - INFO - MySQL 연결 중: 175.196.7.45
2024-11-12 08:19:14,703 - INFO - MySQL 연결 성공.
2024-11-12 08:19:14,703 - INFO - Informix 연결 중: 175.196.7.17:1526
2024-11-12 08:19:14,978 - INFO - Informix 연결 성공.
2024-11-12 08:19:14,978 - INFO - Informix에서 데이터 추출 중...
2024-11-12 08:19:15,254 - INFO - 데이터 추출 완료. 총 746개의 레코드.
2024-11-12 08:19:15,254 - INFO - Truncating MySQL TbWebShip table before insert.
2024-11-12 08:19:15,284 - INFO - MySQL로 데이터 삽입 중...
2024-11-12 08:19:15,392 - INFO - MySQL에 746개의 데이터 삽입 완료.
2024-11-12 08:19:15,403 - INFO - chain_name 업데이트 완료.
2024-11-12 08:19:15,403 - INFO - p1_price 업데이트 중...
2024-11-12 08:19:15,580 - INFO - p1_price 업데이트 완료.
2024-11-12 08:19:15,580 - INFO - p1_amount 업데이트 중...
2024-11-12 08:19:15,591 - INFO - p1_amount 업데이트 완료.
2024-11-12 08:19:15,591 - INFO - p1_tax 업데이트 중...
2024-11-12 08:19:15,603 - INFO - p1_tax 업데이트 완료.
2024-11-12 08:19:15,603 - INFO - p1_tot_amount 업데이트 중...
2024-11-12 08:19:15,616 - INFO - p1_tot_amount 업데이트 완료.
2024-11-12 08:19:15,618 - INFO - ETL 프로세스 성공적으로 완료.
2024-11-12 12:00:01,344 - INFO - ETL 프로세스 시작.
2024-11-12 12:00:01,344 - INFO - MySQL 연결 중: 175.196.7.45
2024-11-12 12:00:01,371 - INFO - MySQL 연결 성공.
2024-11-12 12:00:01,371 - INFO - Informix 연결 중: 175.196.7.17:1526
2024-11-12 12:00:01,650 - INFO - Informix 연결 성공.
2024-11-12 12:00:01,650 - INFO - Informix에서 데이터 추출 중...
2024-11-12 12:00:02,218 - INFO - 데이터 추출 완료. 총 2809개의 레코드.
2024-11-12 12:00:02,218 - INFO - Truncating MySQL TbWebShip table before insert.
2024-11-12 12:00:02,241 - INFO - MySQL로 데이터 삽입 중...
2024-11-12 12:00:02,635 - INFO - MySQL에 2809개의 데이터 삽입 완료.
2024-11-12 12:00:02,667 - INFO - chain_name 업데이트 완료.
2024-11-12 12:00:02,667 - INFO - p1_price 업데이트 중...
2024-11-12 12:00:03,318 - INFO - p1_price 업데이트 완료.
2024-11-12 12:00:03,318 - INFO - p1_amount 업데이트 중...
2024-11-12 12:00:03,370 - INFO - p1_amount 업데이트 완료.
2024-11-12 12:00:03,370 - INFO - p1_tax 업데이트 중...
2024-11-12 12:00:03,408 - INFO - p1_tax 업데이트 완료.
2024-11-12 12:00:03,408 - INFO - p1_tot_amount 업데이트 중...
2024-11-12 12:00:03,446 - INFO - p1_tot_amount 업데이트 완료.
2024-11-12 12:00:03,448 - INFO - ETL 프로세스 성공적으로 완료.
2024-11-12 14:51:49,494 - INFO - ETL 프로세스 시작.
2024-11-12 14:51:49,494 - INFO - MySQL 연결 중: 175.196.7.45
2024-11-12 14:51:49,521 - INFO - MySQL 연결 성공.
2024-11-12 14:51:49,521 - INFO - Informix 연결 중: 175.196.7.17:1526
2024-11-12 14:51:49,821 - INFO - Informix 연결 성공.
2024-11-12 14:51:49,821 - INFO - Informix에서 데이터 추출 중...
2024-11-12 14:51:50,426 - INFO - 데이터 추출 완료. 총 2883개의 레코드.
2024-11-12 14:51:50,426 - INFO - Truncating MySQL TbWebShip table before insert.
2024-11-12 14:51:50,457 - INFO - MySQL로 데이터 삽입 중...
2024-11-12 14:51:50,889 - INFO - MySQL에 2883개의 데이터 삽입 완료.
2024-11-12 14:51:50,922 - INFO - chain_name 업데이트 완료.
2024-11-12 14:51:50,922 - INFO - p1_price 업데이트 중...
2024-11-12 14:51:51,593 - INFO - p1_price 업데이트 완료.
2024-11-12 14:51:51,593 - INFO - p1_amount 업데이트 중...
2024-11-12 14:51:51,630 - INFO - p1_amount 업데이트 완료.
2024-11-12 14:51:51,630 - INFO - p1_tax 업데이트 중...
2024-11-12 14:51:51,668 - INFO - p1_tax 업데이트 완료.
2024-11-12 14:51:51,668 - INFO - p1_tot_amount 업데이트 중...
2024-11-12 14:51:51,707 - INFO - p1_tot_amount 업데이트 완료.
2024-11-12 14:51:51,710 - INFO - ETL 프로세스 성공적으로 완료.
