2024-11-17 12:00:01,473 - INFO - ETL 프로세스 시작.
2024-11-17 12:00:01,473 - INFO - MySQL 연결 중: 175.196.7.45
2024-11-17 12:00:01,500 - INFO - MySQL 연결 성공.
2024-11-17 12:00:01,500 - INFO - Informix 연결 중: 175.196.7.17:1526
2024-11-17 12:00:01,761 - INFO - Informix 연결 성공.
2024-11-17 12:00:01,761 - INFO - Informix에서 데이터 추출 중...
2024-11-17 12:00:02,373 - INFO - 데이터 추출 완료. 총 3161개의 레코드.
2024-11-17 12:00:02,373 - INFO - Truncating MySQL TbWebShip table before insert.
2024-11-17 12:00:02,407 - INFO - MySQL로 데이터 삽입 중...
2024-11-17 12:00:03,509 - INFO - MySQL에 3161개의 데이터 삽입 완료.
2024-11-17 12:00:03,546 - INFO - chain_name 업데이트 완료.
2024-11-17 12:00:03,546 - INFO - p1_price 업데이트 중...
2024-11-17 12:00:04,359 - INFO - p1_price 업데이트 완료.
2024-11-17 12:00:04,359 - INFO - p1_amount 업데이트 중...
2024-11-17 12:00:04,400 - INFO - p1_amount 업데이트 완료.
2024-11-17 12:00:04,400 - INFO - p1_tax 업데이트 중...
2024-11-17 12:00:04,443 - INFO - p1_tax 업데이트 완료.
2024-11-17 12:00:04,443 - INFO - p1_tot_amount 업데이트 중...
2024-11-17 12:00:04,486 - INFO - p1_tot_amount 업데이트 완료.
2024-11-17 12:00:04,489 - INFO - ETL 프로세스 성공적으로 완료.
