2024-12-11 12:00:01,123 - INFO - ETL 프로세스 시작.
2024-12-11 12:00:01,123 - INFO - MySQL 연결 중: 175.196.7.45
2024-12-11 12:00:01,150 - INFO - MySQL 연결 성공.
2024-12-11 12:00:01,150 - INFO - Informix 연결 중: 175.196.7.17:1526
2024-12-11 12:00:01,410 - INFO - Informix 연결 성공.
2024-12-11 12:00:01,410 - INFO - Informix에서 데이터 추출 중...
2024-12-11 12:00:02,066 - INFO - 데이터 추출 완료. 총 3943개의 레코드.
2024-12-11 12:00:02,066 - INFO - Truncating MySQL TbWebShip table before insert.
2024-12-11 12:00:02,104 - INFO - MySQL로 데이터 삽입 중...
2024-12-11 12:00:03,051 - INFO - MySQL에 3943개의 데이터 삽입 완료.
2024-12-11 12:00:03,096 - INFO - chain_name 업데이트 완료.
2024-12-11 12:00:03,096 - INFO - p1_price 업데이트 중...
2024-12-11 12:00:03,099 - INFO - p1_price 업데이트 완료.
2024-12-11 12:00:03,099 - INFO - p1_amount 업데이트 중...
2024-12-11 12:00:03,103 - INFO - p1_amount 업데이트 완료.
2024-12-11 12:00:03,103 - INFO - p1_tax 업데이트 중...
2024-12-11 12:00:03,123 - INFO - p1_tax 업데이트 완료.
2024-12-11 12:00:03,124 - INFO - p1_tot_amount 업데이트 중...
2024-12-11 12:00:03,128 - INFO - p1_tot_amount 업데이트 완료.
2024-12-11 12:00:03,130 - INFO - ETL 프로세스 성공적으로 완료.
