2024-11-28 12:00:01,615 - INFO - ETL 프로세스 시작.
2024-11-28 12:00:01,615 - INFO - MySQL 연결 중: 175.196.7.45
2024-11-28 12:00:01,642 - INFO - MySQL 연결 성공.
2024-11-28 12:00:01,642 - INFO - Informix 연결 중: 175.196.7.17:1526
2024-11-28 12:00:01,923 - INFO - Informix 연결 성공.
2024-11-28 12:00:01,923 - INFO - Informix에서 데이터 추출 중...
2024-11-28 12:00:02,708 - INFO - 데이터 추출 완료. 총 3763개의 레코드.
2024-11-28 12:00:02,708 - INFO - Truncating MySQL TbWebShip table before insert.
2024-11-28 12:00:02,739 - INFO - MySQL로 데이터 삽입 중...
2024-11-28 12:00:03,707 - INFO - MySQL에 3763개의 데이터 삽입 완료.
2024-11-28 12:00:03,748 - INFO - chain_name 업데이트 완료.
2024-11-28 12:00:03,748 - INFO - p1_price 업데이트 중...
2024-11-28 12:00:04,771 - INFO - p1_price 업데이트 완료.
2024-11-28 12:00:04,771 - INFO - p1_amount 업데이트 중...
2024-11-28 12:00:04,819 - INFO - p1_amount 업데이트 완료.
2024-11-28 12:00:04,819 - INFO - p1_tax 업데이트 중...
2024-11-28 12:00:04,871 - INFO - p1_tax 업데이트 완료.
2024-11-28 12:00:04,871 - INFO - p1_tot_amount 업데이트 중...
2024-11-28 12:00:04,921 - INFO - p1_tot_amount 업데이트 완료.
2024-11-28 12:00:04,923 - INFO - ETL 프로세스 성공적으로 완료.
