2024-12-04 12:00:01,089 - INFO - ETL 프로세스 시작.
2024-12-04 12:00:01,089 - INFO - MySQL 연결 중: 175.196.7.45
2024-12-04 12:00:01,115 - INFO - MySQL 연결 성공.
2024-12-04 12:00:01,116 - INFO - Informix 연결 중: 175.196.7.17:1526
2024-12-04 12:00:01,379 - INFO - Informix 연결 성공.
2024-12-04 12:00:01,379 - INFO - Informix에서 데이터 추출 중...
2024-12-04 12:00:02,099 - INFO - 데이터 추출 완료. 총 3943개의 레코드.
2024-12-04 12:00:02,099 - INFO - Truncating MySQL TbWebShip table before insert.
2024-12-04 12:00:02,130 - INFO - MySQL로 데이터 삽입 중...
2024-12-04 12:00:02,740 - INFO - MySQL에 3943개의 데이터 삽입 완료.
2024-12-04 12:00:02,784 - INFO - chain_name 업데이트 완료.
2024-12-04 12:00:02,784 - INFO - p1_price 업데이트 중...
2024-12-04 12:00:02,787 - INFO - p1_price 업데이트 완료.
2024-12-04 12:00:02,787 - INFO - p1_amount 업데이트 중...
2024-12-04 12:00:02,791 - INFO - p1_amount 업데이트 완료.
2024-12-04 12:00:02,791 - INFO - p1_tax 업데이트 중...
2024-12-04 12:00:02,810 - INFO - p1_tax 업데이트 완료.
2024-12-04 12:00:02,810 - INFO - p1_tot_amount 업데이트 중...
2024-12-04 12:00:02,814 - INFO - p1_tot_amount 업데이트 완료.
2024-12-04 12:00:02,817 - INFO - ETL 프로세스 성공적으로 완료.
