2024-11-07 14:16:09,274 - INFO - ETL 프로세스 시작.
2024-11-07 14:16:09,275 - INFO - MySQL 연결 중: 175.196.7.45
2024-11-07 14:16:09,301 - INFO - MySQL 연결 성공.
2024-11-07 14:16:09,301 - INFO - Informix 연결 중: 175.196.7.17:1526
2024-11-07 14:16:09,593 - INFO - Informix 연결 성공.
2024-11-07 14:16:09,593 - INFO - MySQL에서 order_date가 2024-11-07인 레코드 삭제 완료.
2024-11-07 14:16:09,593 - INFO - Informix에서 데이터 추출 중...
2024-11-07 14:16:10,234 - INFO - 데이터 추출 완료. 총 231개의 레코드.
2024-11-07 14:16:10,234 - INFO - MySQL로 데이터 삽입 중...
2024-11-07 14:16:10,393 - INFO - MySQL에 231개의 데이터 삽입 완료.
2024-11-07 14:16:10,417 - INFO - chain_name 업데이트 완료.
2024-11-07 14:16:10,423 - INFO - ETL 프로세스 성공적으로 완료.
2024-11-07 16:49:56,079 - INFO - ETL 프로세스 시작.
2024-11-07 16:49:56,079 - INFO - MySQL 연결 중: 175.196.7.45
2024-11-07 16:49:56,106 - INFO - MySQL 연결 성공.
2024-11-07 16:49:56,106 - INFO - Informix 연결 중: 175.196.7.17:1526
2024-11-07 16:49:56,377 - INFO - Informix 연결 성공.
2024-11-07 16:49:56,380 - INFO - MySQL에서 order_date가 2024-11-07인 레코드 삭제 완료.
2024-11-07 16:49:56,380 - INFO - Informix에서 데이터 추출 중...
2024-11-07 16:50:02,427 - INFO - 데이터 추출 완료. 총 328개의 레코드.
2024-11-07 16:50:02,427 - INFO - MySQL로 데이터 삽입 중...
2024-11-07 16:50:02,557 - INFO - MySQL에 328개의 데이터 삽입 완료.
2024-11-07 16:50:02,574 - INFO - chain_name 업데이트 완료.
2024-11-07 16:50:02,577 - INFO - ETL 프로세스 성공적으로 완료.
2024-11-07 16:52:44,957 - INFO - ETL 프로세스 시작.
2024-11-07 16:52:44,957 - INFO - MySQL 연결 중: 175.196.7.45
2024-11-07 16:52:44,983 - INFO - MySQL 연결 성공.
2024-11-07 16:52:44,983 - INFO - Informix 연결 중: 175.196.7.17:1526
2024-11-07 16:52:45,244 - INFO - Informix 연결 성공.
2024-11-07 16:52:45,252 - INFO - MySQL에서 order_date가 2024-11-07인 레코드 삭제 완료.
2024-11-07 16:52:45,252 - INFO - Informix에서 데이터 추출 중...
2024-11-07 16:52:46,443 - INFO - 데이터 추출 완료. 총 328개의 레코드.
2024-11-07 16:52:46,444 - INFO - MySQL로 데이터 삽입 중...
2024-11-07 16:52:46,806 - INFO - MySQL에 328개의 데이터 삽입 완료.
2024-11-07 16:52:46,842 - INFO - chain_name 업데이트 완료.
2024-11-07 16:52:46,845 - INFO - ETL 프로세스 성공적으로 완료.
2024-11-07 16:53:08,584 - INFO - ETL 프로세스 시작.
2024-11-07 16:53:08,584 - INFO - MySQL 연결 중: 175.196.7.45
2024-11-07 16:53:08,611 - INFO - MySQL 연결 성공.
2024-11-07 16:53:08,611 - INFO - Informix 연결 중: 175.196.7.17:1526
2024-11-07 16:53:08,872 - INFO - Informix 연결 성공.
2024-11-07 16:53:08,873 - INFO - MySQL에서 order_date가 2024-11-07인 레코드 삭제 완료.
2024-11-07 16:53:08,873 - INFO - Informix에서 데이터 추출 중...
2024-11-07 16:53:10,047 - INFO - 데이터 추출 완료. 총 328개의 레코드.
2024-11-07 16:53:10,047 - INFO - MySQL로 데이터 삽입 중...
2024-11-07 16:53:10,245 - INFO - MySQL에 328개의 데이터 삽입 완료.
2024-11-07 16:53:10,266 - INFO - chain_name 업데이트 완료.
2024-11-07 16:53:10,273 - INFO - ETL 프로세스 성공적으로 완료.
2024-11-07 17:01:46,709 - INFO - ETL 프로세스 시작.
2024-11-07 17:01:46,709 - INFO - MySQL 연결 중: 175.196.7.45
2024-11-07 17:01:46,737 - INFO - MySQL 연결 성공.
2024-11-07 17:01:46,737 - INFO - Informix 연결 중: 175.196.7.17:1526
2024-11-07 17:01:47,001 - INFO - Informix 연결 성공.
2024-11-07 17:01:47,002 - INFO - MySQL에서 order_date가 2024-11-07인 레코드 삭제 완료.
2024-11-07 17:01:47,002 - INFO - Informix에서 데이터 추출 중...
2024-11-07 17:01:48,530 - INFO - 데이터 추출 완료. 총 396개의 레코드.
2024-11-07 17:01:48,530 - INFO - MySQL로 데이터 삽입 중...
2024-11-07 17:01:48,596 - INFO - MySQL에 396개의 데이터 삽입 완료.
2024-11-07 17:01:48,611 - INFO - chain_name 업데이트 완료.
2024-11-07 17:01:48,613 - INFO - ETL 프로세스 성공적으로 완료.
2024-11-07 17:14:27,616 - INFO - ETL 프로세스 시작.
2024-11-07 17:14:27,616 - INFO - MySQL 연결 중: 175.196.7.45
2024-11-07 17:14:27,643 - INFO - MySQL 연결 성공.
2024-11-07 17:14:27,643 - INFO - Informix 연결 중: 175.196.7.17:1526
2024-11-07 17:14:27,938 - INFO - Informix 연결 성공.
2024-11-07 17:14:27,939 - INFO - MySQL에서 order_date가 2024-11-07인 레코드 삭제 완료.
2024-11-07 17:14:27,939 - INFO - Informix에서 데이터 추출 중...
2024-11-07 17:14:31,168 - INFO - 데이터 추출 완료. 총 536개의 레코드.
2024-11-07 17:14:31,168 - INFO - MySQL로 데이터 삽입 중...
2024-11-07 17:14:31,264 - INFO - MySQL에 536개의 데이터 삽입 완료.
2024-11-07 17:14:31,284 - INFO - chain_name 업데이트 완료.
2024-11-07 17:14:31,286 - INFO - ETL 프로세스 성공적으로 완료.
2024-11-07 17:22:39,637 - INFO - ETL 프로세스 시작.
2024-11-07 17:22:39,638 - INFO - MySQL 연결 중: 175.196.7.45
2024-11-07 17:22:39,664 - INFO - MySQL 연결 성공.
2024-11-07 17:22:39,665 - INFO - Informix 연결 중: 175.196.7.17:1526
2024-11-07 17:22:39,956 - INFO - Informix 연결 성공.
2024-11-07 17:22:39,956 - INFO - MySQL에서 order_date가 2024-11-07인 레코드 삭제 완료.
2024-11-07 17:22:39,956 - INFO - Informix에서 데이터 추출 중...
2024-11-07 17:22:42,595 - INFO - 데이터 추출 완료. 총 541개의 레코드.
2024-11-07 17:22:42,595 - INFO - MySQL로 데이터 삽입 중...
2024-11-07 17:22:42,751 - INFO - MySQL에 541개의 데이터 삽입 완료.
2024-11-07 17:22:42,780 - INFO - chain_name 업데이트 완료.
2024-11-07 17:22:42,782 - INFO - ETL 프로세스 성공적으로 완료.
2024-11-07 17:22:59,909 - INFO - ETL 프로세스 시작.
2024-11-07 17:22:59,909 - INFO - MySQL 연결 중: 175.196.7.45
2024-11-07 17:22:59,936 - INFO - MySQL 연결 성공.
2024-11-07 17:22:59,936 - INFO - Informix 연결 중: 175.196.7.17:1526
2024-11-07 17:23:00,198 - INFO - Informix 연결 성공.
2024-11-07 17:23:00,206 - INFO - MySQL에서 order_date가 2024-11-07인 레코드 삭제 완료.
2024-11-07 17:23:00,206 - INFO - Informix에서 데이터 추출 중...
2024-11-07 17:23:02,207 - INFO - 데이터 추출 완료. 총 541개의 레코드.
2024-11-07 17:23:02,207 - INFO - MySQL로 데이터 삽입 중...
2024-11-07 17:23:02,488 - INFO - MySQL에 541개의 데이터 삽입 완료.
2024-11-07 17:23:02,531 - INFO - chain_name 업데이트 완료.
2024-11-07 17:23:02,533 - INFO - ETL 프로세스 성공적으로 완료.
2024-11-07 17:24:59,574 - INFO - ETL 프로세스 시작.
2024-11-07 17:24:59,574 - INFO - MySQL 연결 중: 175.196.7.45
2024-11-07 17:24:59,600 - INFO - MySQL 연결 성공.
2024-11-07 17:24:59,600 - INFO - Informix 연결 중: 175.196.7.17:1526
2024-11-07 17:24:59,892 - INFO - Informix 연결 성공.
2024-11-07 17:24:59,902 - INFO - MySQL에서 order_date가 2024-11-07인 레코드 삭제 완료.
2024-11-07 17:24:59,902 - INFO - Informix에서 데이터 추출 중...
2024-11-07 17:25:01,890 - INFO - 데이터 추출 완료. 총 541개의 레코드.
2024-11-07 17:25:01,890 - INFO - Truncating MySQL TbWebOrder table before insert.
2024-11-07 17:25:01,922 - INFO - MySQL로 데이터 삽입 중...
2024-11-07 17:25:02,237 - INFO - MySQL에 541개의 데이터 삽입 완료.
2024-11-07 17:25:02,271 - INFO - chain_name 업데이트 완료.
2024-11-07 17:25:02,274 - INFO - ETL 프로세스 성공적으로 완료.
2024-11-07 17:25:15,570 - INFO - ETL 프로세스 시작.
2024-11-07 17:25:15,570 - INFO - MySQL 연결 중: 175.196.7.45
2024-11-07 17:25:15,596 - INFO - MySQL 연결 성공.
2024-11-07 17:25:15,597 - INFO - Informix 연결 중: 175.196.7.17:1526
2024-11-07 17:25:15,888 - INFO - Informix 연결 성공.
2024-11-07 17:25:15,899 - INFO - MySQL에서 order_date가 2024-11-07인 레코드 삭제 완료.
2024-11-07 17:25:15,899 - INFO - Informix에서 데이터 추출 중...
2024-11-07 17:25:17,869 - INFO - 데이터 추출 완료. 총 541개의 레코드.
2024-11-07 17:25:17,869 - INFO - Truncating MySQL TbWebOrder table before insert.
2024-11-07 17:25:17,900 - INFO - MySQL로 데이터 삽입 중...
2024-11-07 17:25:18,241 - INFO - MySQL에 541개의 데이터 삽입 완료.
2024-11-07 17:25:18,280 - INFO - chain_name 업데이트 완료.
2024-11-07 17:25:18,283 - INFO - ETL 프로세스 성공적으로 완료.
